this is m:
  ('0', 'a1')
pos1
 [['a', 0, '0,1;0,0;0,0', 'x,0,0; -x,0,1/2'], ['b', 0, '0,1;0,0;0,0', 'x,1/2,0; -x,1/2,1/2'], ['c', 1, '0,0;0,1;0,0', '0,y,1/4'], ['d', 1, '0,0;0,1;0,0', '1/2,y,1/4'], ['e', 0, '0,1/2;0,1/2;0,1', 'x,y,z; -x,-y,1/2+z; -x,y,1/2-z; x,-y,-z']]
affd: {'x': 0, '0': 1, '-x': 2, '1/2': 3}
 affs [[1, Fraction(0, 1), [[0, Fraction(1, 1)]]], [0, Fraction(0, 1), []], [1, Fraction(0, 1), [[0, Fraction(-1, 1)]]], [0, Fraction(1, 2), []]]
 aids [[0, 1, 1], [2, 1, 3]]
affd: {'x': 0, '1/2': 1, '0': 2, '-x': 3}
 affs [[1, Fraction(0, 1), [[0, Fraction(1, 1)]]], [0, Fraction(1, 2), []], [0, Fraction(0, 1), []], [1, Fraction(0, 1), [[0, Fraction(-1, 1)]]]]
 aids [[0, 1, 2], [3, 1, 1]]
affd: {'0': 0, 'y': 1, '1/4': 2}
 affs [[0, Fraction(0, 1), []], [1, Fraction(0, 1), [[1, Fraction(1, 1)]]], [0, Fraction(1, 4), []]]
 aids [[0, 1, 2]]
affd: {'1/2': 0, 'y': 1, '1/4': 2}
 affs [[0, Fraction(1, 2), []], [1, Fraction(0, 1), [[1, Fraction(1, 1)]]], [0, Fraction(1, 4), []]]
 aids [[0, 1, 2]]
affd: {'x': 0, 'y': 1, 'z': 2, '-x': 3, '-y': 4, '1/2+z': 5, '1/2-z': 6, '-z': 7}
 affs [[1, Fraction(0, 1), [[0, Fraction(1, 1)]]], [1, Fraction(0, 1), [[1, Fraction(1, 1)]]], [1, Fraction(0, 1), [[2, Fraction(1, 1)]]], [1, Fraction(0, 1), [[0, Fraction(-1, 1)]]], [1, Fraction(0, 1), [[1, Fraction(-1, 1)]]], [1, Fraction(1, 2), [[2, Fraction(1, 1)]]], [1, Fraction(1, 2), [[2, Fraction(-1, 1)]]], [1, Fraction(0, 1), [[2, Fraction(-1, 1)]]]]
 aids [[0, 1, 2], [3, 4, 5], [3, 1, 6], [0, 4, 7]]
pos all
 [['a', 'b', 'c', 'd', 'e'], [2, 2, 2, 2, 4], [1, 1, 1, 1, 3], [[[0.0, 1.0], [0.0, 0.0], [0.0, 0.0]], [[0.0, 1.0], [0.0, 0.0], [0.0, 0.0]], [[0.0, 0.0], [0.0, 1.0], [0.0, 0.0]], [[0.0, 0.0], [0.0, 1.0], [0.0, 0.0]], [[0.0, 0.5], [0.0, 0.5], [0.0, 1.0]]], [[4, 2, 0], [4, 2, 0], [3, 1, 1], [3, 1, 1], [8, 4, 0]], [[[1, Fraction(0, 1), [[0, Fraction(1, 1)]]], [0, Fraction(0, 1), []], [1, Fraction(0, 1), [[0, Fraction(-1, 1)]]], [0, Fraction(1, 2), []]], [[1, Fraction(0, 1), [[0, Fraction(1, 1)]]], [0, Fraction(1, 2), []], [0, Fraction(0, 1), []], [1, Fraction(0, 1), [[0, Fraction(-1, 1)]]]], [[0, Fraction(0, 1), []], [1, Fraction(0, 1), [[1, Fraction(1, 1)]]], [0, Fraction(1, 4), []]], [[0, Fraction(1, 2), []], [1, Fraction(0, 1), [[1, Fraction(1, 1)]]], [0, Fraction(1, 4), []]], [[1, Fraction(0, 1), [[0, Fraction(1, 1)]]], [1, Fraction(0, 1), [[1, Fraction(1, 1)]]], [1, Fraction(0, 1), [[2, Fraction(1, 1)]]], [1, Fraction(0, 1), [[0, Fraction(-1, 1)]]], [1, Fraction(0, 1), [[1, Fraction(-1, 1)]]], [1, Fraction(1, 2), [[2, Fraction(1, 1)]]], [1, Fraction(1, 2), [[2, Fraction(-1, 1)]]], [1, Fraction(0, 1), [[2, Fraction(-1, 1)]]]]], [[[0, 1, 1], [2, 1, 3]], [[0, 1, 2], [3, 1, 1]], [[0, 1, 2]], [[0, 1, 2]], [[0, 1, 2], [3, 4, 5], [3, 1, 6], [0, 4, 7]]]]
pos2
 ['a', 'b', 'c', 'd', 'e']
pos2 again
 {0: 'a', 1: 'b', 2: 'c', 3: 'd', 4: 'e'}
pos3
 [2, 2, 2, 2, 4]
this is cr pos
 [{0: 'a', 1: 'b', 2: 'c', 3: 'd', 4: 'e', 'a': 0, 'b': 1, 'c': 2, 'd': 3, 'e': 4}, [2, 2, 2, 2, 4], [1, 1, 1, 1, 3], [[[0.0, 1.0], [0.0, 0.0], [0.0, 0.0]], [[0.0, 1.0], [0.0, 0.0], [0.0, 0.0]], [[0.0, 0.0], [0.0, 1.0], [0.0, 0.0]], [[0.0, 0.0], [0.0, 1.0], [0.0, 0.0]], [[0.0, 0.5], [0.0, 0.5], [0.0, 1.0]]], [[4, 2, 0], [4, 2, 0], [3, 1, 1], [3, 1, 1], [8, 4, 0]], [[[1, Fraction(0, 1), [[0, Fraction(1, 1)]]], [0, Fraction(0, 1), []], [1, Fraction(0, 1), [[0, Fraction(-1, 1)]]], [0, Fraction(1, 2), []]], [[1, Fraction(0, 1), [[0, Fraction(1, 1)]]], [0, Fraction(1, 2), []], [0, Fraction(0, 1), []], [1, Fraction(0, 1), [[0, Fraction(-1, 1)]]]], [[0, Fraction(0, 1), []], [1, Fraction(0, 1), [[1, Fraction(1, 1)]]], [0, Fraction(1, 4), []]], [[0, Fraction(1, 2), []], [1, Fraction(0, 1), [[1, Fraction(1, 1)]]], [0, Fraction(1, 4), []]], [[1, Fraction(0, 1), [[0, Fraction(1, 1)]]], [1, Fraction(0, 1), [[1, Fraction(1, 1)]]], [1, Fraction(0, 1), [[2, Fraction(1, 1)]]], [1, Fraction(0, 1), [[0, Fraction(-1, 1)]]], [1, Fraction(0, 1), [[1, Fraction(-1, 1)]]], [1, Fraction(1, 2), [[2, Fraction(1, 1)]]], [1, Fraction(1, 2), [[2, Fraction(-1, 1)]]], [1, Fraction(0, 1), [[2, Fraction(-1, 1)]]]]], [[[0, 1, 1], [2, 1, 3]], [[0, 1, 2], [3, 1, 1]], [[0, 1, 2]], [[0, 1, 2]], [[0, 1, 2], [3, 4, 5], [3, 1, 6], [0, 4, 7]]]]
this is elems
 [[[1.0, 'Yb3+']], [[1.0, 'Yb3+']], [1.6, 1.0], [], [12, []], [['a', 1, [[0.1, 0.1], [0.1, 0.1], [0.14784, 0.14784]]]]]
this is the col_sep one:
 [[[1.0, 'Yb3+']], [[1.0, 'Yb3+']], [1.6, 1.0], [], [10, [None, None, None, None, None]], [[[0, [[0.0, 1.0], [0.0, 0.0], [0.0, 0.0]]], [1, [[0.1, 0.1], [0.1, 0.1], [0.14784, 0.14784]]]], [[0, [[0.0, 1.0], [0.0, 0.0], [0.0, 0.0]]]], [[0, [[0.0, 0.0], [0.0, 1.0], [0.0, 0.0]]]], [[0, [[0.0, 0.0], [0.0, 1.0], [0.0, 0.0]]]], [[0, [[0.0, 0.5], [0.0, 0.5], [0.0, 1.0]]]]]]
this is elems
 [[[1.0, 'Ru3+']], [[1.0, 'Ru3+']], [1.0, 1.0], [], [8, []], []]
this is the col_sep one:
 [[[1.0, 'Ru3+']], [[1.0, 'Ru3+']], [1.0, 1.0], [], [8, [None, None, None, None, None]], [[[0, [[0.0, 1.0], [0.0, 0.0], [0.0, 0.0]]]], [[0, [[0.0, 1.0], [0.0, 0.0], [0.0, 0.0]]]], [[0, [[0.0, 0.0], [0.0, 1.0], [0.0, 0.0]]]], [[0, [[0.0, 0.0], [0.0, 1.0], [0.0, 0.0]]]], [[0, [[0.0, 0.5], [0.0, 0.5], [0.0, 1.0]]]]]]
this is cr[elems] after col_sep
 [[[[1.0, 'Yb3+']], [[1.0, 'Ru3+']]], [[[1.0, 'Yb3+']], [[1.0, 'Ru3+']]], [[1.6, 1.0], [1.0, 1.0]], [[], []], [[10, [None, None, None, None, None]], [8, [None, None, None, None, None]]], [[[[0, [[0.0, 1.0], [0.0, 0.0], [0.0, 0.0]]], [1, [[0.1, 0.1], [0.1, 0.1], [0.14784, 0.14784]]]], [[0, [[0.0, 1.0], [0.0, 0.0], [0.0, 0.0]]]], [[0, [[0.0, 0.0], [0.0, 1.0], [0.0, 0.0]]]], [[0, [[0.0, 0.0], [0.0, 1.0], [0.0, 0.0]]]], [[0, [[0.0, 0.5], [0.0, 0.5], [0.0, 1.0]]]]], [[[0, [[0.0, 1.0], [0.0, 0.0], [0.0, 0.0]]]], [[0, [[0.0, 1.0], [0.0, 0.0], [0.0, 0.0]]]], [[0, [[0.0, 0.0], [0.0, 1.0], [0.0, 0.0]]]], [[0, [[0.0, 0.0], [0.0, 1.0], [0.0, 0.0]]]], [[0, [[0.0, 0.5], [0.0, 0.5], [0.0, 1.0]]]]]]]
this is final part of cr[elems]
this is elems[0]
 [[[1.0, 'Yb3+']], [[1.0, 'Ru3+']]]
[[[1.0, 'Yb3+']], [[1.0, 'Ru3+']]]
[[1.6, 1.0], [1.0, 1.0]]
this is ecomb 
 [[[[0, [[0.0, 1.0], [0.0, 0.0], [0.0, 0.0]]], [1, [[0.1, 0.1], [0.1, 0.1], [0.14784, 0.14784]]]], [[0, [[0.0, 1.0], [0.0, 0.0], [0.0, 0.0]]]], [[0, [[0.0, 0.0], [0.0, 1.0], [0.0, 0.0]]]], [[0, [[0.0, 0.0], [0.0, 1.0], [0.0, 0.0]]]], [[0, [[0.0, 0.5], [0.0, 0.5], [0.0, 1.0]]]]], [[[0, [[0.0, 1.0], [0.0, 0.0], [0.0, 0.0]]]], [[0, [[0.0, 1.0], [0.0, 0.0], [0.0, 0.0]]]], [[0, [[0.0, 0.0], [0.0, 1.0], [0.0, 0.0]]]], [[0, [[0.0, 0.0], [0.0, 1.0], [0.0, 0.0]]]], [[0, [[0.0, 0.5], [0.0, 0.5], [0.0, 1.0]]]]]]
this is m:
  ('0', 'a2')
this is m:
  ('1', 'a2')
this is final result of ecomb
 [[[[2, [[0.0, 1.0], [0.0, 0.0], [0.0, 0.0]]], [1, [[0.1, 0.1], [0.1, 0.1], [0.14784, 0.14784]]]], [[0, [[0.0, 1.0], [0.0, 0.0], [0.0, 0.0]]]], [[0, [[0.0, 0.0], [0.0, 1.0], [0.0, 0.0]]]], [[0, [[0.0, 0.0], [0.0, 1.0], [0.0, 0.0]]]], [[0, [[0.0, 0.5], [0.0, 0.5], [0.0, 1.0]]]]], [[[2, [[0.0, 1.0], [0.0, 0.0], [0.0, 0.0]]]], [[0, [[0.0, 1.0], [0.0, 0.0], [0.0, 0.0]]]], [[0, [[0.0, 0.0], [0.0, 1.0], [0.0, 0.0]]]], [[0, [[0.0, 0.0], [0.0, 1.0], [0.0, 0.0]]]], [[0, [[0.0, 0.5], [0.0, 0.5], [0.0, 1.0]]]]]]
this ccomb 
 [[[0, 2]], [[0, 2]]]
4 1000 400 0.01 - - - - -	0@a2,1@a2.cr
