0@a1b1c4.cr
0@a1c5.cr
0@b1c5.cr
0@c6.cr
0@a1b1c2d1.cr
0@a1c3d1.cr
0@b1c3d1.cr
0@c4d1.cr
0@a1b1c2e1.cr
0@a1c3e1.cr
0@b1c3e1.cr
0@c4e1.cr
0@a1b1d1e1.cr
0@a1c1d1e1.cr
0@b1c1d1e1.cr
0@c2d1e1.cr
0@a1b1e2.cr
0@a1c1e2.cr
0@b1c1e2.cr
0@c2e2.cr
0@d1e2.cr
0@e3.cr
0@a1b1c2f1.cr
0@a1c3f1.cr
0@b1c3f1.cr
0@c4f1.cr
0@a1b1d1f1.cr
0@a1c1d1f1.cr
0@b1c1d1f1.cr
0@c2d1f1.cr
0@a1b1e1f1.cr
0@a1c1e1f1.cr
0@b1c1e1f1.cr
0@c2e1f1.cr
0@d1e1f1.cr
0@e2f1.cr
0@a1b1f2.cr
0@a1c1f2.cr
0@b1c1f2.cr
0@c2f2.cr
0@d1f2.cr
0@e1f2.cr
0@f3.cr
0@a1b1c2g1.cr
0@a1c3g1.cr
0@b1c3g1.cr
0@c4g1.cr
0@a1b1d1g1.cr
0@a1c1d1g1.cr
0@b1c1d1g1.cr
0@c2d1g1.cr
0@a1b1e1g1.cr
0@a1c1e1g1.cr
0@b1c1e1g1.cr
0@c2e1g1.cr
0@d1e1g1.cr
0@e2g1.cr
0@a1b1f1g1.cr
0@a1c1f1g1.cr
0@b1c1f1g1.cr
0@c2f1g1.cr
0@d1f1g1.cr
0@e1f1g1.cr
0@f2g1.cr
0@a1b1g2.cr
0@a1c1g2.cr
0@b1c1g2.cr
0@c2g2.cr
0@d1g2.cr
0@e1g2.cr
0@f1g2.cr
0@g3.cr
0@a1b1h1.cr
0@a1c1h1.cr
0@b1c1h1.cr
0@c2h1.cr
0@d1h1.cr
0@e1h1.cr
0@f1h1.cr
0@g1h1.cr
Traceback (most recent call last):
  File "/home/jyb/decryst/cp_one/../python/decr_utils", line 1234, in <module>
    n[0](*sys.argv[2:], **({"extra": os.getenv("DECR_EXTRA")} if n[2] else {}))
  File "/home/jyb/decryst/cp_one/../python/decr_utils", line 1132, in do_comb
    cr = cryst_read(tables_mk(extra), open(decr))
  File "/home/jyb/decryst/cp_one/../python/decr_utils", line 883, in cryst_read
    return cryst_proc(tables, cr)
  File "/home/jyb/decryst/cp_one/../python/decr_utils", line 701, in cryst_proc
    sg = tables[0][cr["sg"]]
KeyError: '15'
Traceback (most recent call last):
  File "/home/jyb/decryst/cp_one/../python/decr_utils", line 1234, in <module>
    n[0](*sys.argv[2:], **({"extra": os.getenv("DECR_EXTRA")} if n[2] else {}))
  File "/home/jyb/decryst/cp_one/../python/decr_utils", line 1143, in do_dump
    cr = cryst_read(tables_mk(extra), open(decr))
  File "/home/jyb/decryst/cp_one/../python/decr_utils", line 883, in cryst_read
    return cryst_proc(tables, cr)
  File "/home/jyb/decryst/cp_one/../python/decr_utils", line 701, in cryst_proc
    sg = tables[0][cr["sg"]]
KeyError: '15'
Traceback (most recent call last):
  File "/home/jyb/decryst/cp_one/../python/decr_utils", line 1234, in <module>
    n[0](*sys.argv[2:], **({"extra": os.getenv("DECR_EXTRA")} if n[2] else {}))
  File "/home/jyb/decryst/cp_one/../python/decr_utils", line 1166, in do_merge
    cr = cryst_read(tables, open(decr))
  File "/home/jyb/decryst/cp_one/../python/decr_utils", line 883, in cryst_read
    return cryst_proc(tables, cr)
  File "/home/jyb/decryst/cp_one/../python/decr_utils", line 701, in cryst_proc
    sg = tables[0][cr["sg"]]
KeyError: '15'
0@a1b1c1d1e4.cr
0@a1b1c1e5.cr
0@a1b1d1e5.cr
0@a1c1d1e5.cr
0@b1c1d1e5.cr
0@a1b1e6.cr
0@a1c1e6.cr
0@b1c1e6.cr
0@a1d1e6.cr
0@b1d1e6.cr
0@c1d1e6.cr
0@a1e7.cr
0@b1e7.cr
0@c1e7.cr
0@d1e7.cr
0@e8.cr
0@a1b1c1d1e2f1.cr
0@a1b1c1e3f1.cr
0@a1b1d1e3f1.cr
0@a1c1d1e3f1.cr
0@b1c1d1e3f1.cr
0@a1b1e4f1.cr
0@a1c1e4f1.cr
0@b1c1e4f1.cr
0@a1d1e4f1.cr
0@b1d1e4f1.cr
0@c1d1e4f1.cr
0@a1e5f1.cr
0@b1e5f1.cr
0@c1e5f1.cr
0@d1e5f1.cr
0@e6f1.cr
0@a1b1c1d1f2.cr
0@a1b1c1e1f2.cr
0@a1b1d1e1f2.cr
0@a1c1d1e1f2.cr
0@b1c1d1e1f2.cr
0@a1b1e2f2.cr
0@a1c1e2f2.cr
0@b1c1e2f2.cr
0@a1d1e2f2.cr
0@b1d1e2f2.cr
0@c1d1e2f2.cr
0@a1e3f2.cr
0@b1e3f2.cr
0@c1e3f2.cr
0@d1e3f2.cr
0@e4f2.cr
0@a1b1f3.cr
0@a1c1f3.cr
0@b1c1f3.cr
0@a1d1f3.cr
0@b1d1f3.cr
0@c1d1f3.cr
0@a1e1f3.cr
0@b1e1f3.cr
0@c1e1f3.cr
0@d1e1f3.cr
0@e2f3.cr
0@f4.cr
0@a1b1.cr
0@a1c1.cr
0@b1c1.cr
0@a1d1.cr
0@b1d1.cr
0@c1d1.cr
0@a1e1.cr
0@b1e1.cr
0@c1e1.cr
0@d1e1.cr
0@e2.cr
0@f1.cr
0@a1b1.cr
0@c1.cr
0@d1.cr
0@e1.cr
0@a1b1c4.cr
0@c5.cr
0@a1b1c3d1.cr
0@c4d1.cr
0@a1b1c2d2.cr
0@c3d2.cr
0@a1b1c1d3.cr
0@c2d3.cr
0@a1b1d4.cr
0@c1d4.cr
0@d5.cr
0@a1b1c3e1.cr
0@c4e1.cr
0@a1b1c2d1e1.cr
0@c3d1e1.cr
0@a1b1c1d2e1.cr
0@c2d2e1.cr
0@a1b1d3e1.cr
0@c1d3e1.cr
0@d4e1.cr
0@a1b1c2e2.cr
0@c3e2.cr
0@a1b1c1d1e2.cr
0@c2d1e2.cr
0@a1b1d2e2.cr
0@c1d2e2.cr
0@d3e2.cr
0@a1b1c1e3.cr
0@c2e3.cr
0@a1b1d1e3.cr
0@c1d1e3.cr
0@d2e3.cr
0@a1b1e4.cr
0@c1e4.cr
0@d1e4.cr
0@e5.cr
0@a1b1c3f1.cr
0@c4f1.cr
0@a1b1c2d1f1.cr
0@c3d1f1.cr
0@a1b1c1d2f1.cr
0@c2d2f1.cr
0@a1b1d3f1.cr
0@c1d3f1.cr
0@d4f1.cr
0@a1b1c2e1f1.cr
0@c3e1f1.cr
0@a1b1c1d1e1f1.cr
0@c2d1e1f1.cr
0@a1b1d2e1f1.cr
0@c1d2e1f1.cr
0@d3e1f1.cr
0@a1b1c1e2f1.cr
0@c2e2f1.cr
0@a1b1d1e2f1.cr
0@c1d1e2f1.cr
0@d2e2f1.cr
0@a1b1e3f1.cr
0@c1e3f1.cr
0@d1e3f1.cr
0@e4f1.cr
0@a1b1c2f2.cr
0@c3f2.cr
0@a1b1c1d1f2.cr
0@c2d1f2.cr
0@a1b1d2f2.cr
0@c1d2f2.cr
0@d3f2.cr
0@a1b1c1e1f2.cr
0@c2e1f2.cr
0@a1b1d1e1f2.cr
0@c1d1e1f2.cr
0@d2e1f2.cr
0@a1b1e2f2.cr
0@c1e2f2.cr
0@d1e2f2.cr
0@e3f2.cr
0@a1b1c1f3.cr
0@c2f3.cr
0@a1b1d1f3.cr
0@c1d1f3.cr
0@d2f3.cr
0@a1b1e1f3.cr
0@c1e1f3.cr
0@d1e1f3.cr
0@e2f3.cr
0@a1b1f4.cr
0@c1f4.cr
0@d1f4.cr
0@e1f4.cr
0@f5.cr
0@a1b1c2g1.cr
0@c3g1.cr
0@a1b1c1d1g1.cr
0@c2d1g1.cr
0@a1b1d2g1.cr
0@c1d2g1.cr
0@d3g1.cr
0@a1b1c1e1g1.cr
0@c2e1g1.cr
0@a1b1d1e1g1.cr
0@c1d1e1g1.cr
0@d2e1g1.cr
0@a1b1e2g1.cr
0@c1e2g1.cr
0@d1e2g1.cr
0@e3g1.cr
0@a1b1c1f1g1.cr
0@c2f1g1.cr
0@a1b1d1f1g1.cr
0@c1d1f1g1.cr
0@d2f1g1.cr
0@a1b1e1f1g1.cr
0@c1e1f1g1.cr
0@d1e1f1g1.cr
0@e2f1g1.cr
0@a1b1f2g1.cr
0@c1f2g1.cr
0@d1f2g1.cr
0@e1f2g1.cr
0@f3g1.cr
0@a1b1g2.cr
0@c1g2.cr
0@d1g2.cr
0@e1g2.cr
0@f1g2.cr
0@a1b1.cr
0@a1c1.cr
0@b1c1.cr
0@a1d1.cr
0@b1d1.cr
0@c1d1.cr
0@e1.cr
0@f1.cr
0@g1.cr
0@h1.cr
0@a6.cr
0@a6.cr
0@a1b1c1d1e6.cr
0@a1b1c1e7.cr
0@a1b1d1e7.cr
0@c1d1e7.cr
0@a1b1e8.cr
0@c1e8.cr
0@d1e8.cr
0@e9.cr
0@a1c1d1e5f1.cr
0@b1c1d1e5f1.cr
0@a1c1e6f1.cr
0@b1c1e6f1.cr
0@a1d1e6f1.cr
0@b1d1e6f1.cr
0@a1e7f1.cr
0@b1e7f1.cr
0@a1c1d1e5g1.cr
0@b1c1d1e5g1.cr
0@a1c1e6g1.cr
0@b1c1e6g1.cr
0@a1d1e6g1.cr
0@b1d1e6g1.cr
0@a1e7g1.cr
0@b1e7g1.cr
0@a1b1c1d1e3f1g1.cr
0@a1b1c1e4f1g1.cr
0@a1b1d1e4f1g1.cr
0@c1d1e4f1g1.cr
0@a1b1e5f1g1.cr
0@c1e5f1g1.cr
0@d1e5f1g1.cr
0@e6f1g1.cr
0@a1b1c1d1e4h1.cr
0@a1b1c1e5h1.cr
0@a1b1d1e5h1.cr
0@c1d1e5h1.cr
0@a1b1e6h1.cr
0@c1e6h1.cr
0@d1e6h1.cr
0@e7h1.cr
0@a1c1d1e3f1h1.cr
0@b1c1d1e3f1h1.cr
0@a1c1e4f1h1.cr
0@b1c1e4f1h1.cr
0@a1d1e4f1h1.cr
0@b1d1e4f1h1.cr
0@a1e5f1h1.cr
0@b1e5f1h1.cr
0@a1c1d1e3g1h1.cr
0@b1c1d1e3g1h1.cr
0@a1c1e4g1h1.cr
0@b1c1e4g1h1.cr
0@a1d1e4g1h1.cr
0@b1d1e4g1h1.cr
0@a1e5g1h1.cr
0@b1e5g1h1.cr
0@a1b1c1d1e1f1g1h1.cr
0@a1b1c1e2f1g1h1.cr
0@a1b1d1e2f1g1h1.cr
0@c1d1e2f1g1h1.cr
0@a1b1e3f1g1h1.cr
0@c1e3f1g1h1.cr
0@d1e3f1g1h1.cr
0@e4f1g1h1.cr
0@a1b1c1d1e2h2.cr
0@a1b1c1e3h2.cr
0@a1b1d1e3h2.cr
0@c1d1e3h2.cr
0@a1b1e4h2.cr
0@c1e4h2.cr
0@d1e4h2.cr
0@e5h2.cr
0@a1c1d1e1f1h2.cr
0@b1c1d1e1f1h2.cr
0@a1c1e2f1h2.cr
0@b1c1e2f1h2.cr
0@a1d1e2f1h2.cr
0@b1d1e2f1h2.cr
0@a1e3f1h2.cr
0@b1e3f1h2.cr
0@a1c1d1e1g1h2.cr
0@b1c1d1e1g1h2.cr
0@a1c1e2g1h2.cr
0@b1c1e2g1h2.cr
0@a1d1e2g1h2.cr
0@b1d1e2g1h2.cr
0@a1e3g1h2.cr
0@b1e3g1h2.cr
0@a1b1c1f1g1h2.cr
0@a1b1d1f1g1h2.cr
0@c1d1f1g1h2.cr
0@a1b1e1f1g1h2.cr
0@c1e1f1g1h2.cr
0@d1e1f1g1h2.cr
0@e2f1g1h2.cr
0@a1b1c1d1h3.cr
0@a1b1c1e1h3.cr
0@a1b1d1e1h3.cr
0@c1d1e1h3.cr
0@a1b1e2h3.cr
0@c1e2h3.cr
0@d1e2h3.cr
0@e3h3.cr
0@a1c1f1h3.cr
0@b1c1f1h3.cr
0@a1d1f1h3.cr
0@b1d1f1h3.cr
0@a1e1f1h3.cr
0@b1e1f1h3.cr
0@a1c1g1h3.cr
0@b1c1g1h3.cr
0@a1d1g1h3.cr
0@b1d1g1h3.cr
0@a1e1g1h3.cr
0@b1e1g1h3.cr
0@f1g1h3.cr
0@a1b1h4.cr
0@c1h4.cr
0@d1h4.cr
0@e1h4.cr
0@a1b1c1d1e3i1.cr
0@a1b1c1e4i1.cr
0@a1b1d1e4i1.cr
0@c1d1e4i1.cr
0@a1b1e5i1.cr
0@c1e5i1.cr
0@d1e5i1.cr
0@e6i1.cr
0@a1c1d1e2f1i1.cr
0@b1c1d1e2f1i1.cr
0@a1c1e3f1i1.cr
0@b1c1e3f1i1.cr
0@a1d1e3f1i1.cr
0@b1d1e3f1i1.cr
0@a1e4f1i1.cr
0@b1e4f1i1.cr
0@a1c1d1e2g1i1.cr
0@b1c1d1e2g1i1.cr
0@a1c1e3g1i1.cr
0@b1c1e3g1i1.cr
0@a1d1e3g1i1.cr
0@b1d1e3g1i1.cr
0@a1e4g1i1.cr
0@b1e4g1i1.cr
0@a1b1c1d1f1g1i1.cr
0@a1b1c1e1f1g1i1.cr
0@a1b1d1e1f1g1i1.cr
0@c1d1e1f1g1i1.cr
0@a1b1e2f1g1i1.cr
0@c1e2f1g1i1.cr
0@d1e2f1g1i1.cr
0@e3f1g1i1.cr
0@a1b1c1d1e1h1i1.cr
0@a1b1c1e2h1i1.cr
0@a1b1d1e2h1i1.cr
0@c1d1e2h1i1.cr
0@a1b1e3h1i1.cr
0@c1e3h1i1.cr
0@d1e3h1i1.cr
0@e4h1i1.cr
0@a1c1d1f1h1i1.cr
0@b1c1d1f1h1i1.cr
0@a1c1e1f1h1i1.cr
0@b1c1e1f1h1i1.cr
0@a1d1e1f1h1i1.cr
0@b1d1e1f1h1i1.cr
0@a1e2f1h1i1.cr
0@b1e2f1h1i1.cr
0@a1c1d1g1h1i1.cr
0@b1c1d1g1h1i1.cr
0@a1c1e1g1h1i1.cr
0@b1c1e1g1h1i1.cr
0@a1d1e1g1h1i1.cr
0@b1d1e1g1h1i1.cr
0@a1e2g1h1i1.cr
0@b1e2g1h1i1.cr
0@a1b1f1g1h1i1.cr
0@c1f1g1h1i1.cr
0@d1f1g1h1i1.cr
0@e1f1g1h1i1.cr
0@a1b1c1h2i1.cr
0@a1b1d1h2i1.cr
0@c1d1h2i1.cr
0@a1b1e1h2i1.cr
0@c1e1h2i1.cr
0@d1e1h2i1.cr
0@e2h2i1.cr
0@a1f1h2i1.cr
0@b1f1h2i1.cr
0@a1g1h2i1.cr
0@b1g1h2i1.cr
0@h3i1.cr
0@a1b1c1d1i2.cr
0@a1b1c1e1i2.cr
0@a1b1d1e1i2.cr
0@c1d1e1i2.cr
0@a1b1e2i2.cr
0@c1e2i2.cr
0@d1e2i2.cr
0@e3i2.cr
0@a1c1f1i2.cr
0@b1c1f1i2.cr
0@a1d1f1i2.cr
0@b1d1f1i2.cr
0@a1e1f1i2.cr
0@b1e1f1i2.cr
0@a1c1g1i2.cr
0@b1c1g1i2.cr
0@a1d1g1i2.cr
0@b1d1g1i2.cr
0@a1e1g1i2.cr
0@b1e1g1i2.cr
0@f1g1i2.cr
0@a1b1h1i2.cr
0@c1h1i2.cr
0@d1h1i2.cr
0@e1h1i2.cr
0@i3.cr
0@a1b1c1d1e3j1.cr
0@a1b1c1e4j1.cr
0@a1b1d1e4j1.cr
0@c1d1e4j1.cr
0@a1b1e5j1.cr
0@c1e5j1.cr
0@d1e5j1.cr
0@e6j1.cr
0@a1c1d1e2f1j1.cr
0@b1c1d1e2f1j1.cr
0@a1c1e3f1j1.cr
0@b1c1e3f1j1.cr
0@a1d1e3f1j1.cr
0@b1d1e3f1j1.cr
0@a1e4f1j1.cr
0@b1e4f1j1.cr
0@a1c1d1e2g1j1.cr
0@b1c1d1e2g1j1.cr
0@a1c1e3g1j1.cr
0@b1c1e3g1j1.cr
0@a1d1e3g1j1.cr
0@b1d1e3g1j1.cr
0@a1e4g1j1.cr
0@b1e4g1j1.cr
0@a1b1c1d1f1g1j1.cr
0@a1b1c1e1f1g1j1.cr
0@a1b1d1e1f1g1j1.cr
0@c1d1e1f1g1j1.cr
0@a1b1e2f1g1j1.cr
0@c1e2f1g1j1.cr
0@d1e2f1g1j1.cr
0@e3f1g1j1.cr
0@a1b1c1d1e1h1j1.cr
0@a1b1c1e2h1j1.cr
0@a1b1d1e2h1j1.cr
0@c1d1e2h1j1.cr
0@a1b1e3h1j1.cr
0@c1e3h1j1.cr
0@d1e3h1j1.cr
0@e4h1j1.cr
0@a1c1d1f1h1j1.cr
0@b1c1d1f1h1j1.cr
0@a1c1e1f1h1j1.cr
0@b1c1e1f1h1j1.cr
0@a1d1e1f1h1j1.cr
0@b1d1e1f1h1j1.cr
0@a1e2f1h1j1.cr
0@b1e2f1h1j1.cr
0@a1c1d1g1h1j1.cr
0@b1c1d1g1h1j1.cr
0@a1c1e1g1h1j1.cr
0@b1c1e1g1h1j1.cr
0@a1d1e1g1h1j1.cr
0@b1d1e1g1h1j1.cr
0@a1e2g1h1j1.cr
0@b1e2g1h1j1.cr
0@a1b1f1g1h1j1.cr
0@c1f1g1h1j1.cr
0@d1f1g1h1j1.cr
0@e1f1g1h1j1.cr
0@a1b1c1h2j1.cr
0@a1b1d1h2j1.cr
0@c1d1h2j1.cr
0@a1b1e1h2j1.cr
0@c1e1h2j1.cr
0@d1e1h2j1.cr
0@e2h2j1.cr
0@a1f1h2j1.cr
0@b1f1h2j1.cr
0@a1g1h2j1.cr
0@b1g1h2j1.cr
0@h3j1.cr
0@a1b1c1d1i1j1.cr
0@a1b1c1e1i1j1.cr
0@a1b1d1e1i1j1.cr
0@c1d1e1i1j1.cr
0@a1b1e2i1j1.cr
0@c1e2i1j1.cr
0@d1e2i1j1.cr
0@e3i1j1.cr
0@a1c1f1i1j1.cr
0@b1c1f1i1j1.cr
0@a1d1f1i1j1.cr
0@b1d1f1i1j1.cr
0@a1e1f1i1j1.cr
0@b1e1f1i1j1.cr
0@a1c1g1i1j1.cr
0@b1c1g1i1j1.cr
0@a1d1g1i1j1.cr
0@b1d1g1i1j1.cr
0@a1e1g1i1j1.cr
0@b1e1g1i1j1.cr
0@f1g1i1j1.cr
0@a1b1h1i1j1.cr
0@c1h1i1j1.cr
0@d1h1i1j1.cr
0@e1h1i1j1.cr
0@i2j1.cr
0@a1b1c1d1j2.cr
0@a1b1c1e1j2.cr
0@a1b1d1e1j2.cr
0@c1d1e1j2.cr
0@a1b1e2j2.cr
0@c1e2j2.cr
0@d1e2j2.cr
0@e3j2.cr
0@a1c1f1j2.cr
0@b1c1f1j2.cr
0@a1d1f1j2.cr
0@b1d1f1j2.cr
0@a1e1f1j2.cr
0@b1e1f1j2.cr
0@a1c1g1j2.cr
0@b1c1g1j2.cr
0@a1d1g1j2.cr
0@b1d1g1j2.cr
0@a1e1g1j2.cr
0@b1e1g1j2.cr
0@f1g1j2.cr
0@a1b1h1j2.cr
0@c1h1j2.cr
0@d1h1j2.cr
0@e1h1j2.cr
0@i1j2.cr
0@j3.cr
0@a1b1c1d1e3k1.cr
0@a1b1c1e4k1.cr
0@a1b1d1e4k1.cr
0@c1d1e4k1.cr
0@a1b1e5k1.cr
0@c1e5k1.cr
0@d1e5k1.cr
0@e6k1.cr
0@a1c1d1e2f1k1.cr
0@b1c1d1e2f1k1.cr
0@a1c1e3f1k1.cr
0@b1c1e3f1k1.cr
0@a1d1e3f1k1.cr
0@b1d1e3f1k1.cr
0@a1e4f1k1.cr
0@b1e4f1k1.cr
0@a1c1d1e2g1k1.cr
0@b1c1d1e2g1k1.cr
0@a1c1e3g1k1.cr
0@b1c1e3g1k1.cr
0@a1d1e3g1k1.cr
0@b1d1e3g1k1.cr
0@a1e4g1k1.cr
0@b1e4g1k1.cr
0@a1b1c1d1f1g1k1.cr
0@a1b1c1e1f1g1k1.cr
0@a1b1d1e1f1g1k1.cr
0@c1d1e1f1g1k1.cr
0@a1b1e2f1g1k1.cr
0@c1e2f1g1k1.cr
0@d1e2f1g1k1.cr
0@e3f1g1k1.cr
0@a1b1c1d1e1h1k1.cr
0@a1b1c1e2h1k1.cr
0@a1b1d1e2h1k1.cr
0@c1d1e2h1k1.cr
0@a1b1e3h1k1.cr
0@c1e3h1k1.cr
0@d1e3h1k1.cr
0@e4h1k1.cr
0@a1c1d1f1h1k1.cr
0@b1c1d1f1h1k1.cr
0@a1c1e1f1h1k1.cr
0@b1c1e1f1h1k1.cr
0@a1d1e1f1h1k1.cr
0@b1d1e1f1h1k1.cr
0@a1e2f1h1k1.cr
0@b1e2f1h1k1.cr
0@a1c1d1g1h1k1.cr
0@b1c1d1g1h1k1.cr
0@a1c1e1g1h1k1.cr
0@b1c1e1g1h1k1.cr
0@a1d1e1g1h1k1.cr
0@b1d1e1g1h1k1.cr
0@a1e2g1h1k1.cr
0@b1e2g1h1k1.cr
0@a1b1f1g1h1k1.cr
0@c1f1g1h1k1.cr
0@d1f1g1h1k1.cr
0@e1f1g1h1k1.cr
0@a1b1c1h2k1.cr
0@a1b1d1h2k1.cr
0@c1d1h2k1.cr
0@a1b1e1h2k1.cr
0@c1e1h2k1.cr
0@d1e1h2k1.cr
0@e2h2k1.cr
0@a1f1h2k1.cr
0@b1f1h2k1.cr
0@a1g1h2k1.cr
0@b1g1h2k1.cr
0@h3k1.cr
0@a1b1c1d1i1k1.cr
0@a1b1c1e1i1k1.cr
0@a1b1d1e1i1k1.cr
0@c1d1e1i1k1.cr
0@a1b1e2i1k1.cr
0@c1e2i1k1.cr
0@d1e2i1k1.cr
0@e3i1k1.cr
0@a1c1f1i1k1.cr
0@b1c1f1i1k1.cr
0@a1d1f1i1k1.cr
0@b1d1f1i1k1.cr
0@a1e1f1i1k1.cr
0@b1e1f1i1k1.cr
0@a1c1g1i1k1.cr
0@b1c1g1i1k1.cr
0@a1d1g1i1k1.cr
0@b1d1g1i1k1.cr
0@a1e1g1i1k1.cr
0@b1e1g1i1k1.cr
0@f1g1i1k1.cr
0@a1b1h1i1k1.cr
0@c1h1i1k1.cr
0@d1h1i1k1.cr
0@e1h1i1k1.cr
0@i2k1.cr
0@a1b1c1d1j1k1.cr
0@a1b1c1e1j1k1.cr
0@a1b1d1e1j1k1.cr
0@c1d1e1j1k1.cr
0@a1b1e2j1k1.cr
0@c1e2j1k1.cr
0@d1e2j1k1.cr
0@e3j1k1.cr
0@a1c1f1j1k1.cr
0@b1c1f1j1k1.cr
0@a1d1f1j1k1.cr
0@b1d1f1j1k1.cr
0@a1e1f1j1k1.cr
0@b1e1f1j1k1.cr
0@a1c1g1j1k1.cr
0@b1c1g1j1k1.cr
0@a1d1g1j1k1.cr
0@b1d1g1j1k1.cr
0@a1e1g1j1k1.cr
0@b1e1g1j1k1.cr
0@f1g1j1k1.cr
0@a1b1h1j1k1.cr
0@c1h1j1k1.cr
0@d1h1j1k1.cr
0@e1h1j1k1.cr
0@i1j1k1.cr
0@j2k1.cr
0@a1b1c1d1k2.cr
0@a1b1c1e1k2.cr
0@a1b1d1e1k2.cr
0@c1d1e1k2.cr
0@a1b1e2k2.cr
0@c1e2k2.cr
0@d1e2k2.cr
0@e3k2.cr
0@a1c1f1k2.cr
0@b1c1f1k2.cr
0@a1d1f1k2.cr
0@b1d1f1k2.cr
0@a1e1f1k2.cr
0@b1e1f1k2.cr
0@a1c1g1k2.cr
0@b1c1g1k2.cr
0@a1d1g1k2.cr
0@b1d1g1k2.cr
0@a1e1g1k2.cr
0@b1e1g1k2.cr
0@f1g1k2.cr
0@a1b1h1k2.cr
0@c1h1k2.cr
0@d1h1k2.cr
0@e1h1k2.cr
0@i1k2.cr
0@j1k2.cr
0@k3.cr
0@a1b1c1d1e3l1.cr
0@a1b1c1e4l1.cr
0@a1b1d1e4l1.cr
0@c1d1e4l1.cr
0@a1b1e5l1.cr
0@c1e5l1.cr
0@d1e5l1.cr
0@e6l1.cr
0@a1c1d1e2f1l1.cr
0@b1c1d1e2f1l1.cr
0@a1c1e3f1l1.cr
0@b1c1e3f1l1.cr
0@a1d1e3f1l1.cr
0@b1d1e3f1l1.cr
0@a1e4f1l1.cr
0@b1e4f1l1.cr
0@a1c1d1e2g1l1.cr
0@b1c1d1e2g1l1.cr
0@a1c1e3g1l1.cr
0@b1c1e3g1l1.cr
0@a1d1e3g1l1.cr
0@b1d1e3g1l1.cr
0@a1e4g1l1.cr
0@b1e4g1l1.cr
0@a1b1c1d1f1g1l1.cr
0@a1b1c1e1f1g1l1.cr
0@a1b1d1e1f1g1l1.cr
0@c1d1e1f1g1l1.cr
0@a1b1e2f1g1l1.cr
0@c1e2f1g1l1.cr
0@d1e2f1g1l1.cr
0@e3f1g1l1.cr
0@a1b1c1d1e1h1l1.cr
0@a1b1c1e2h1l1.cr
0@a1b1d1e2h1l1.cr
0@c1d1e2h1l1.cr
0@a1b1e3h1l1.cr
0@c1e3h1l1.cr
0@d1e3h1l1.cr
0@e4h1l1.cr
0@a1c1d1f1h1l1.cr
0@b1c1d1f1h1l1.cr
0@a1c1e1f1h1l1.cr
0@b1c1e1f1h1l1.cr
0@a1d1e1f1h1l1.cr
0@b1d1e1f1h1l1.cr
0@a1e2f1h1l1.cr
0@b1e2f1h1l1.cr
0@a1c1d1g1h1l1.cr
0@b1c1d1g1h1l1.cr
0@a1c1e1g1h1l1.cr
0@b1c1e1g1h1l1.cr
0@a1d1e1g1h1l1.cr
0@b1d1e1g1h1l1.cr
0@a1e2g1h1l1.cr
0@b1e2g1h1l1.cr
0@a1b1f1g1h1l1.cr
0@c1f1g1h1l1.cr
0@d1f1g1h1l1.cr
0@e1f1g1h1l1.cr
0@a1b1c1h2l1.cr
0@a1b1d1h2l1.cr
0@c1d1h2l1.cr
0@a1b1e1h2l1.cr
0@c1e1h2l1.cr
0@d1e1h2l1.cr
0@e2h2l1.cr
0@a1f1h2l1.cr
0@b1f1h2l1.cr
0@a1g1h2l1.cr
0@b1g1h2l1.cr
0@h3l1.cr
0@a1b1c1d1i1l1.cr
0@a1b1c1e1i1l1.cr
0@a1b1d1e1i1l1.cr
0@c1d1e1i1l1.cr
0@a1b1e2i1l1.cr
0@c1e2i1l1.cr
0@d1e2i1l1.cr
0@e3i1l1.cr
0@a1c1f1i1l1.cr
0@b1c1f1i1l1.cr
0@a1d1f1i1l1.cr
0@b1d1f1i1l1.cr
0@a1e1f1i1l1.cr
0@b1e1f1i1l1.cr
0@a1c1g1i1l1.cr
0@b1c1g1i1l1.cr
0@a1d1g1i1l1.cr
0@b1d1g1i1l1.cr
0@a1e1g1i1l1.cr
0@b1e1g1i1l1.cr
0@f1g1i1l1.cr
0@a1b1h1i1l1.cr
0@c1h1i1l1.cr
0@d1h1i1l1.cr
0@e1h1i1l1.cr
0@i2l1.cr
0@a1b1c1d1j1l1.cr
0@a1b1c1e1j1l1.cr
0@a1b1d1e1j1l1.cr
0@c1d1e1j1l1.cr
0@a1b1e2j1l1.cr
0@c1e2j1l1.cr
0@d1e2j1l1.cr
0@e3j1l1.cr
0@a1c1f1j1l1.cr
0@b1c1f1j1l1.cr
0@a1d1f1j1l1.cr
0@b1d1f1j1l1.cr
0@a1e1f1j1l1.cr
0@b1e1f1j1l1.cr
0@a1c1g1j1l1.cr
0@b1c1g1j1l1.cr
0@a1d1g1j1l1.cr
0@b1d1g1j1l1.cr
0@a1e1g1j1l1.cr
0@b1e1g1j1l1.cr
0@f1g1j1l1.cr
0@a1b1h1j1l1.cr
0@c1h1j1l1.cr
0@d1h1j1l1.cr
0@e1h1j1l1.cr
0@i1j1l1.cr
0@j2l1.cr
0@a1b1c1d1k1l1.cr
0@a1b1c1e1k1l1.cr
0@a1b1d1e1k1l1.cr
0@c1d1e1k1l1.cr
0@a1b1e2k1l1.cr
0@c1e2k1l1.cr
0@d1e2k1l1.cr
0@e3k1l1.cr
0@a1c1f1k1l1.cr
0@b1c1f1k1l1.cr
0@a1d1f1k1l1.cr
0@b1d1f1k1l1.cr
0@a1e1f1k1l1.cr
0@b1e1f1k1l1.cr
0@a1c1g1k1l1.cr
0@b1c1g1k1l1.cr
0@a1d1g1k1l1.cr
0@b1d1g1k1l1.cr
0@a1e1g1k1l1.cr
0@b1e1g1k1l1.cr
0@f1g1k1l1.cr
0@a1b1h1k1l1.cr
0@c1h1k1l1.cr
0@d1h1k1l1.cr
0@e1h1k1l1.cr
0@i1k1l1.cr
0@j1k1l1.cr
0@k2l1.cr
0@a1b1c1d1l2.cr
0@a1b1c1e1l2.cr
0@a1b1d1e1l2.cr
0@c1d1e1l2.cr
0@a1b1e2l2.cr
0@c1e2l2.cr
0@d1e2l2.cr
0@e3l2.cr
0@a1c1f1l2.cr
0@b1c1f1l2.cr
0@a1d1f1l2.cr
0@b1d1f1l2.cr
0@a1e1f1l2.cr
0@b1e1f1l2.cr
0@a1c1g1l2.cr
0@b1c1g1l2.cr
0@a1d1g1l2.cr
0@b1d1g1l2.cr
0@a1e1g1l2.cr
0@b1e1g1l2.cr
0@f1g1l2.cr
0@a1b1h1l2.cr
0@c1h1l2.cr
0@d1h1l2.cr
0@e1h1l2.cr
0@i1l2.cr
0@j1l2.cr
0@k1l2.cr
0@l3.cr
0@a1b1c1d1e3m1.cr
0@a1b1c1e4m1.cr
0@a1b1d1e4m1.cr
0@c1d1e4m1.cr
0@a1b1e5m1.cr
0@c1e5m1.cr
0@d1e5m1.cr
0@e6m1.cr
0@a1c1d1e2f1m1.cr
0@b1c1d1e2f1m1.cr
0@a1c1e3f1m1.cr
0@b1c1e3f1m1.cr
0@a1d1e3f1m1.cr
0@b1d1e3f1m1.cr
0@a1e4f1m1.cr
0@b1e4f1m1.cr
0@a1c1d1e2g1m1.cr
0@b1c1d1e2g1m1.cr
0@a1c1e3g1m1.cr
0@b1c1e3g1m1.cr
0@a1d1e3g1m1.cr
0@b1d1e3g1m1.cr
0@a1e4g1m1.cr
0@b1e4g1m1.cr
0@a1b1c1d1f1g1m1.cr
0@a1b1c1e1f1g1m1.cr
0@a1b1d1e1f1g1m1.cr
0@c1d1e1f1g1m1.cr
0@a1b1e2f1g1m1.cr
0@c1e2f1g1m1.cr
0@d1e2f1g1m1.cr
0@e3f1g1m1.cr
0@a1b1c1d1e1h1m1.cr
0@a1b1c1e2h1m1.cr
0@a1b1d1e2h1m1.cr
0@c1d1e2h1m1.cr
0@a1b1e3h1m1.cr
0@c1e3h1m1.cr
0@d1e3h1m1.cr
0@e4h1m1.cr
0@a1c1d1f1h1m1.cr
0@b1c1d1f1h1m1.cr
0@a1c1e1f1h1m1.cr
0@b1c1e1f1h1m1.cr
0@a1d1e1f1h1m1.cr
0@b1d1e1f1h1m1.cr
0@a1e2f1h1m1.cr
0@b1e2f1h1m1.cr
0@a1c1d1g1h1m1.cr
0@b1c1d1g1h1m1.cr
0@a1c1e1g1h1m1.cr
0@b1c1e1g1h1m1.cr
0@a1d1e1g1h1m1.cr
0@b1d1e1g1h1m1.cr
0@a1e2g1h1m1.cr
0@b1e2g1h1m1.cr
0@a1b1f1g1h1m1.cr
0@c1f1g1h1m1.cr
0@d1f1g1h1m1.cr
0@e1f1g1h1m1.cr
0@a1b1c1h2m1.cr
0@a1b1d1h2m1.cr
0@c1d1h2m1.cr
0@a1b1e1h2m1.cr
0@c1e1h2m1.cr
0@d1e1h2m1.cr
0@e2h2m1.cr
0@a1f1h2m1.cr
0@b1f1h2m1.cr
0@a1g1h2m1.cr
0@b1g1h2m1.cr
0@h3m1.cr
0@a1b1c1d1i1m1.cr
0@a1b1c1e1i1m1.cr
0@a1b1d1e1i1m1.cr
0@c1d1e1i1m1.cr
0@a1b1e2i1m1.cr
0@c1e2i1m1.cr
0@d1e2i1m1.cr
0@e3i1m1.cr
0@a1c1f1i1m1.cr
0@b1c1f1i1m1.cr
0@a1d1f1i1m1.cr
0@b1d1f1i1m1.cr
0@a1e1f1i1m1.cr
0@b1e1f1i1m1.cr
0@a1c1g1i1m1.cr
0@b1c1g1i1m1.cr
0@a1d1g1i1m1.cr
0@b1d1g1i1m1.cr
0@a1e1g1i1m1.cr
0@b1e1g1i1m1.cr
0@f1g1i1m1.cr
0@a1b1h1i1m1.cr
0@c1h1i1m1.cr
0@d1h1i1m1.cr
0@e1h1i1m1.cr
0@i2m1.cr
0@a1b1c1d1j1m1.cr
0@a1b1c1e1j1m1.cr
0@a1b1d1e1j1m1.cr
0@c1d1e1j1m1.cr
0@a1b1e2j1m1.cr
0@c1e2j1m1.cr
0@d1e2j1m1.cr
0@e3j1m1.cr
0@a1c1f1j1m1.cr
0@b1c1f1j1m1.cr
0@a1d1f1j1m1.cr
0@b1d1f1j1m1.cr
0@a1e1f1j1m1.cr
0@b1e1f1j1m1.cr
0@a1c1g1j1m1.cr
0@b1c1g1j1m1.cr
0@a1d1g1j1m1.cr
0@b1d1g1j1m1.cr
0@a1e1g1j1m1.cr
0@b1e1g1j1m1.cr
0@f1g1j1m1.cr
0@a1b1h1j1m1.cr
0@c1h1j1m1.cr
0@d1h1j1m1.cr
0@e1h1j1m1.cr
0@i1j1m1.cr
0@j2m1.cr
0@a1b1c1d1k1m1.cr
0@a1b1c1e1k1m1.cr
0@a1b1d1e1k1m1.cr
0@c1d1e1k1m1.cr
0@a1b1e2k1m1.cr
0@c1e2k1m1.cr
0@d1e2k1m1.cr
0@e3k1m1.cr
0@a1c1f1k1m1.cr
0@b1c1f1k1m1.cr
0@a1d1f1k1m1.cr
0@b1d1f1k1m1.cr
0@a1e1f1k1m1.cr
0@b1e1f1k1m1.cr
0@a1c1g1k1m1.cr
0@b1c1g1k1m1.cr
0@a1d1g1k1m1.cr
0@b1d1g1k1m1.cr
0@a1e1g1k1m1.cr
0@b1e1g1k1m1.cr
0@f1g1k1m1.cr
0@a1b1h1k1m1.cr
0@c1h1k1m1.cr
0@d1h1k1m1.cr
0@e1h1k1m1.cr
0@i1k1m1.cr
0@j1k1m1.cr
0@k2m1.cr
0@a1b1c1d1l1m1.cr
0@a1b1c1e1l1m1.cr
0@a1b1d1e1l1m1.cr
0@c1d1e1l1m1.cr
0@a1b1e2l1m1.cr
0@c1e2l1m1.cr
0@d1e2l1m1.cr
0@e3l1m1.cr
0@a1c1f1l1m1.cr
0@b1c1f1l1m1.cr
0@a1d1f1l1m1.cr
0@b1d1f1l1m1.cr
0@a1e1f1l1m1.cr
0@b1e1f1l1m1.cr
0@a1c1g1l1m1.cr
0@b1c1g1l1m1.cr
0@a1d1g1l1m1.cr
0@b1d1g1l1m1.cr
0@a1e1g1l1m1.cr
0@b1e1g1l1m1.cr
0@f1g1l1m1.cr
0@a1b1h1l1m1.cr
0@c1h1l1m1.cr
0@d1h1l1m1.cr
0@e1h1l1m1.cr
0@i1l1m1.cr
0@j1l1m1.cr
0@k1l1m1.cr
0@l2m1.cr
0@a1b1c1d1m2.cr
0@a1b1c1e1m2.cr
0@a1b1d1e1m2.cr
0@c1d1e1m2.cr
0@a1b1e2m2.cr
0@c1e2m2.cr
0@d1e2m2.cr
0@e3m2.cr
0@a1c1f1m2.cr
0@b1c1f1m2.cr
0@a1d1f1m2.cr
0@b1d1f1m2.cr
0@a1e1f1m2.cr
0@b1e1f1m2.cr
0@a1c1g1m2.cr
0@b1c1g1m2.cr
0@a1d1g1m2.cr
0@b1d1g1m2.cr
0@a1e1g1m2.cr
0@b1e1g1m2.cr
0@f1g1m2.cr
0@a1b1h1m2.cr
0@c1h1m2.cr
0@d1h1m2.cr
0@e1h1m2.cr
0@i1m2.cr
0@j1m2.cr
0@k1m2.cr
0@l1m2.cr
0@m3.cr
0@a1b1c1d1n1.cr
0@a1b1c1e1n1.cr
0@a1b1d1e1n1.cr
0@c1d1e1n1.cr
0@a1b1e2n1.cr
0@c1e2n1.cr
0@d1e2n1.cr
0@e3n1.cr
0@a1c1f1n1.cr
0@b1c1f1n1.cr
0@a1d1f1n1.cr
0@b1d1f1n1.cr
0@a1e1f1n1.cr
0@b1e1f1n1.cr
0@a1c1g1n1.cr
0@b1c1g1n1.cr
0@a1d1g1n1.cr
0@b1d1g1n1.cr
0@a1e1g1n1.cr
0@b1e1g1n1.cr
0@f1g1n1.cr
0@a1b1h1n1.cr
0@c1h1n1.cr
0@d1h1n1.cr
0@e1h1n1.cr
0@i1n1.cr
0@j1n1.cr
0@k1n1.cr
0@l1n1.cr
0@m1n1.cr
0@a1b1c1d1o1.cr
0@a1b1c1e1o1.cr
0@a1b1d1e1o1.cr
0@c1d1e1o1.cr
0@a1b1e2o1.cr
0@c1e2o1.cr
0@d1e2o1.cr
0@e3o1.cr
0@a1c1f1o1.cr
0@b1c1f1o1.cr
0@a1d1f1o1.cr
0@b1d1f1o1.cr
0@a1e1f1o1.cr
0@b1e1f1o1.cr
0@a1c1g1o1.cr
0@b1c1g1o1.cr
0@a1d1g1o1.cr
0@b1d1g1o1.cr
0@a1e1g1o1.cr
0@b1e1g1o1.cr
0@f1g1o1.cr
0@a1b1h1o1.cr
0@c1h1o1.cr
0@d1h1o1.cr
0@e1h1o1.cr
0@i1o1.cr
0@j1o1.cr
0@k1o1.cr
0@l1o1.cr
0@m1o1.cr
0@a1b1c1d1p1.cr
0@a1b1c1e1p1.cr
0@a1b1d1e1p1.cr
0@c1d1e1p1.cr
0@a1b1e2p1.cr
0@c1e2p1.cr
0@d1e2p1.cr
0@e3p1.cr
0@a1c1f1p1.cr
0@b1c1f1p1.cr
0@a1d1f1p1.cr
0@b1d1f1p1.cr
0@a1e1f1p1.cr
0@b1e1f1p1.cr
0@a1c1g1p1.cr
0@b1c1g1p1.cr
0@a1d1g1p1.cr
0@b1d1g1p1.cr
0@a1e1g1p1.cr
0@b1e1g1p1.cr
0@f1g1p1.cr
0@a1b1h1p1.cr
0@c1h1p1.cr
0@d1h1p1.cr
0@e1h1p1.cr
0@i1p1.cr
0@j1p1.cr
0@k1p1.cr
0@l1p1.cr
0@m1p1.cr
0@a1b1c1d1q1.cr
0@a1b1c1e1q1.cr
0@a1b1d1e1q1.cr
0@c1d1e1q1.cr
0@a1b1e2q1.cr
0@c1e2q1.cr
0@d1e2q1.cr
0@e3q1.cr
0@a1c1f1q1.cr
0@b1c1f1q1.cr
0@a1d1f1q1.cr
0@b1d1f1q1.cr
0@a1e1f1q1.cr
0@b1e1f1q1.cr
0@a1c1g1q1.cr
0@b1c1g1q1.cr
0@a1d1g1q1.cr
0@b1d1g1q1.cr
0@a1e1g1q1.cr
0@b1e1g1q1.cr
0@f1g1q1.cr
0@a1b1h1q1.cr
0@c1h1q1.cr
0@d1h1q1.cr
0@e1h1q1.cr
0@i1q1.cr
0@j1q1.cr
0@k1q1.cr
0@l1q1.cr
0@m1q1.cr
Traceback (most recent call last):
  File "/home/jyb/decryst/cp_one/../python/decr_utils", line 1234, in <module>
    n[0](*sys.argv[2:], **({"extra": os.getenv("DECR_EXTRA")} if n[2] else {}))
  File "/home/jyb/decryst/cp_one/../python/decr_utils", line 1132, in do_comb
    cr = cryst_read(tables_mk(extra), open(decr))
  File "/home/jyb/decryst/cp_one/../python/decr_utils", line 880, in cryst_read
    cr.update(scan(ret))
  File "/home/jyb/decryst/cp_one/../python/decr_utils", line 799, in elems_scan
    ret.append(elem_escan(ls.pop(0)))
  File "/home/jyb/decryst/cp_one/../python/decr_utils", line 764, in elem_escan
    raise SyntaxError("malformed element spec line")
SyntaxError: malformed element spec line
Traceback (most recent call last):
  File "/home/jyb/decryst/cp_one/../python/decr_utils", line 1234, in <module>
    n[0](*sys.argv[2:], **({"extra": os.getenv("DECR_EXTRA")} if n[2] else {}))
  File "/home/jyb/decryst/cp_one/../python/decr_utils", line 1143, in do_dump
    cr = cryst_read(tables_mk(extra), open(decr))
  File "/home/jyb/decryst/cp_one/../python/decr_utils", line 880, in cryst_read
    cr.update(scan(ret))
  File "/home/jyb/decryst/cp_one/../python/decr_utils", line 799, in elems_scan
    ret.append(elem_escan(ls.pop(0)))
  File "/home/jyb/decryst/cp_one/../python/decr_utils", line 764, in elem_escan
    raise SyntaxError("malformed element spec line")
SyntaxError: malformed element spec line
Traceback (most recent call last):
  File "/home/jyb/decryst/cp_one/../python/decr_utils", line 1234, in <module>
    n[0](*sys.argv[2:], **({"extra": os.getenv("DECR_EXTRA")} if n[2] else {}))
  File "/home/jyb/decryst/cp_one/../python/decr_utils", line 1166, in do_merge
    cr = cryst_read(tables, open(decr))
  File "/home/jyb/decryst/cp_one/../python/decr_utils", line 880, in cryst_read
    cr.update(scan(ret))
  File "/home/jyb/decryst/cp_one/../python/decr_utils", line 799, in elems_scan
    ret.append(elem_escan(ls.pop(0)))
  File "/home/jyb/decryst/cp_one/../python/decr_utils", line 764, in elem_escan
    raise SyntaxError("malformed element spec line")
SyntaxError: malformed element spec line
0@e9,1@e3.cr
0@e9,1@f1g1.cr
0@e9,1@e1h1.cr
0@e9,1@i1.cr
0@e9,1@j1.cr
0@e9,1@k1.cr
0@e9,1@l1.cr
0@e9,1@m1.cr
0@e6f1g1,1@e3.cr
0@e6f1g1,1@e1h1.cr
0@e6f1g1,1@i1.cr
0@e6f1g1,1@j1.cr
0@e6f1g1,1@k1.cr
0@e6f1g1,1@l1.cr
0@e6f1g1,1@m1.cr
0@e7h1,1@e3.cr
0@e7h1,1@f1g1.cr
0@e7h1,1@e1h1.cr
0@e7h1,1@i1.cr
0@e7h1,1@j1.cr
0@e7h1,1@k1.cr
0@e7h1,1@l1.cr
0@e7h1,1@m1.cr
0@e4f1g1h1,1@e3.cr
0@e4f1g1h1,1@e1h1.cr
0@e4f1g1h1,1@i1.cr
0@e4f1g1h1,1@j1.cr
0@e4f1g1h1,1@k1.cr
0@e4f1g1h1,1@l1.cr
0@e4f1g1h1,1@m1.cr
0@e5h2,1@e3.cr
0@e5h2,1@f1g1.cr
0@e5h2,1@e1h1.cr
0@e5h2,1@i1.cr
0@e5h2,1@j1.cr
0@e5h2,1@k1.cr
0@e5h2,1@l1.cr
0@e5h2,1@m1.cr
0@e2f1g1h2,1@e3.cr
0@e2f1g1h2,1@e1h1.cr
0@e2f1g1h2,1@i1.cr
0@e2f1g1h2,1@j1.cr
0@e2f1g1h2,1@k1.cr
0@e2f1g1h2,1@l1.cr
0@e2f1g1h2,1@m1.cr
0@e3h3,1@e3.cr
0@e3h3,1@f1g1.cr
0@e3h3,1@e1h1.cr
0@e3h3,1@i1.cr
0@e3h3,1@j1.cr
0@e3h3,1@k1.cr
0@e3h3,1@l1.cr
0@e3h3,1@m1.cr
0@f1g1h3,1@e3.cr
0@f1g1h3,1@e1h1.cr
0@f1g1h3,1@i1.cr
0@f1g1h3,1@j1.cr
0@f1g1h3,1@k1.cr
0@f1g1h3,1@l1.cr
0@f1g1h3,1@m1.cr
0@e1h4,1@e3.cr
0@e1h4,1@f1g1.cr
0@e1h4,1@e1h1.cr
0@e1h4,1@i1.cr
0@e1h4,1@j1.cr
0@e1h4,1@k1.cr
0@e1h4,1@l1.cr
0@e1h4,1@m1.cr
0@e6i1,1@e3.cr
0@e6i1,1@f1g1.cr
0@e6i1,1@e1h1.cr
0@e6i1,1@i1.cr
0@e6i1,1@j1.cr
0@e6i1,1@k1.cr
0@e6i1,1@l1.cr
0@e6i1,1@m1.cr
0@e3f1g1i1,1@e3.cr
0@e3f1g1i1,1@e1h1.cr
0@e3f1g1i1,1@i1.cr
0@e3f1g1i1,1@j1.cr
0@e3f1g1i1,1@k1.cr
0@e3f1g1i1,1@l1.cr
0@e3f1g1i1,1@m1.cr
0@e4h1i1,1@e3.cr
0@e4h1i1,1@f1g1.cr
0@e4h1i1,1@e1h1.cr
0@e4h1i1,1@i1.cr
0@e4h1i1,1@j1.cr
0@e4h1i1,1@k1.cr
0@e4h1i1,1@l1.cr
0@e4h1i1,1@m1.cr
0@e1f1g1h1i1,1@e3.cr
0@e1f1g1h1i1,1@e1h1.cr
0@e1f1g1h1i1,1@i1.cr
0@e1f1g1h1i1,1@j1.cr
0@e1f1g1h1i1,1@k1.cr
0@e1f1g1h1i1,1@l1.cr
0@e1f1g1h1i1,1@m1.cr
0@e2h2i1,1@e3.cr
0@e2h2i1,1@f1g1.cr
0@e2h2i1,1@e1h1.cr
0@e2h2i1,1@i1.cr
0@e2h2i1,1@j1.cr
0@e2h2i1,1@k1.cr
0@e2h2i1,1@l1.cr
0@e2h2i1,1@m1.cr
0@h3i1,1@e3.cr
0@h3i1,1@f1g1.cr
0@h3i1,1@e1h1.cr
0@h3i1,1@i1.cr
0@h3i1,1@j1.cr
0@h3i1,1@k1.cr
0@h3i1,1@l1.cr
0@h3i1,1@m1.cr
0@e3i2,1@e3.cr
0@e3i2,1@f1g1.cr
0@e3i2,1@e1h1.cr
0@e3i2,1@i1.cr
0@e3i2,1@j1.cr
0@e3i2,1@k1.cr
0@e3i2,1@l1.cr
0@e3i2,1@m1.cr
0@f1g1i2,1@e3.cr
0@f1g1i2,1@e1h1.cr
0@f1g1i2,1@i1.cr
0@f1g1i2,1@j1.cr
0@f1g1i2,1@k1.cr
0@f1g1i2,1@l1.cr
0@f1g1i2,1@m1.cr
0@e1h1i2,1@e3.cr
0@e1h1i2,1@f1g1.cr
0@e1h1i2,1@e1h1.cr
0@e1h1i2,1@i1.cr
0@e1h1i2,1@j1.cr
0@e1h1i2,1@k1.cr
0@e1h1i2,1@l1.cr
0@e1h1i2,1@m1.cr
0@i3,1@e3.cr
0@i3,1@f1g1.cr
0@i3,1@e1h1.cr
0@i3,1@i1.cr
0@i3,1@j1.cr
0@i3,1@k1.cr
0@i3,1@l1.cr
0@i3,1@m1.cr
0@e6j1,1@e3.cr
0@e6j1,1@f1g1.cr
0@e6j1,1@e1h1.cr
0@e6j1,1@i1.cr
0@e6j1,1@j1.cr
0@e6j1,1@k1.cr
0@e6j1,1@l1.cr
0@e6j1,1@m1.cr
0@e3f1g1j1,1@e3.cr
0@e3f1g1j1,1@e1h1.cr
0@e3f1g1j1,1@i1.cr
0@e3f1g1j1,1@j1.cr
0@e3f1g1j1,1@k1.cr
0@e3f1g1j1,1@l1.cr
0@e3f1g1j1,1@m1.cr
0@e4h1j1,1@e3.cr
0@e4h1j1,1@f1g1.cr
0@e4h1j1,1@e1h1.cr
0@e4h1j1,1@i1.cr
0@e4h1j1,1@j1.cr
0@e4h1j1,1@k1.cr
0@e4h1j1,1@l1.cr
0@e4h1j1,1@m1.cr
0@e1f1g1h1j1,1@e3.cr
0@e1f1g1h1j1,1@e1h1.cr
0@e1f1g1h1j1,1@i1.cr
0@e1f1g1h1j1,1@j1.cr
0@e1f1g1h1j1,1@k1.cr
0@e1f1g1h1j1,1@l1.cr
0@e1f1g1h1j1,1@m1.cr
0@e2h2j1,1@e3.cr
0@e2h2j1,1@f1g1.cr
0@e2h2j1,1@e1h1.cr
0@e2h2j1,1@i1.cr
0@e2h2j1,1@j1.cr
0@e2h2j1,1@k1.cr
0@e2h2j1,1@l1.cr
0@e2h2j1,1@m1.cr
0@h3j1,1@e3.cr
0@h3j1,1@f1g1.cr
0@h3j1,1@e1h1.cr
0@h3j1,1@i1.cr
0@h3j1,1@j1.cr
0@h3j1,1@k1.cr
0@h3j1,1@l1.cr
0@h3j1,1@m1.cr
0@e3i1j1,1@e3.cr
0@e3i1j1,1@f1g1.cr
0@e3i1j1,1@e1h1.cr
0@e3i1j1,1@i1.cr
0@e3i1j1,1@j1.cr
0@e3i1j1,1@k1.cr
0@e3i1j1,1@l1.cr
0@e3i1j1,1@m1.cr
0@f1g1i1j1,1@e3.cr
0@f1g1i1j1,1@e1h1.cr
0@f1g1i1j1,1@i1.cr
0@f1g1i1j1,1@j1.cr
0@f1g1i1j1,1@k1.cr
0@f1g1i1j1,1@l1.cr
0@f1g1i1j1,1@m1.cr
0@e1h1i1j1,1@e3.cr
0@e1h1i1j1,1@f1g1.cr
0@e1h1i1j1,1@e1h1.cr
0@e1h1i1j1,1@i1.cr
0@e1h1i1j1,1@j1.cr
0@e1h1i1j1,1@k1.cr
0@e1h1i1j1,1@l1.cr
0@e1h1i1j1,1@m1.cr
0@i2j1,1@e3.cr
0@i2j1,1@f1g1.cr
0@i2j1,1@e1h1.cr
0@i2j1,1@i1.cr
0@i2j1,1@j1.cr
0@i2j1,1@k1.cr
0@i2j1,1@l1.cr
0@i2j1,1@m1.cr
0@e3j2,1@e3.cr
0@e3j2,1@f1g1.cr
0@e3j2,1@e1h1.cr
0@e3j2,1@i1.cr
0@e3j2,1@j1.cr
0@e3j2,1@k1.cr
0@e3j2,1@l1.cr
0@e3j2,1@m1.cr
0@f1g1j2,1@e3.cr
0@f1g1j2,1@e1h1.cr
0@f1g1j2,1@i1.cr
0@f1g1j2,1@j1.cr
0@f1g1j2,1@k1.cr
0@f1g1j2,1@l1.cr
0@f1g1j2,1@m1.cr
0@e1h1j2,1@e3.cr
0@e1h1j2,1@f1g1.cr
0@e1h1j2,1@e1h1.cr
0@e1h1j2,1@i1.cr
0@e1h1j2,1@j1.cr
0@e1h1j2,1@k1.cr
0@e1h1j2,1@l1.cr
0@e1h1j2,1@m1.cr
0@i1j2,1@e3.cr
0@i1j2,1@f1g1.cr
0@i1j2,1@e1h1.cr
0@i1j2,1@i1.cr
0@i1j2,1@j1.cr
0@i1j2,1@k1.cr
0@i1j2,1@l1.cr
0@i1j2,1@m1.cr
0@j3,1@e3.cr
0@j3,1@f1g1.cr
0@j3,1@e1h1.cr
0@j3,1@i1.cr
0@j3,1@j1.cr
0@j3,1@k1.cr
0@j3,1@l1.cr
0@j3,1@m1.cr
0@e6k1,1@e3.cr
0@e6k1,1@f1g1.cr
0@e6k1,1@e1h1.cr
0@e6k1,1@i1.cr
0@e6k1,1@j1.cr
0@e6k1,1@k1.cr
0@e6k1,1@l1.cr
0@e6k1,1@m1.cr
0@e3f1g1k1,1@e3.cr
0@e3f1g1k1,1@e1h1.cr
0@e3f1g1k1,1@i1.cr
0@e3f1g1k1,1@j1.cr
0@e3f1g1k1,1@k1.cr
0@e3f1g1k1,1@l1.cr
0@e3f1g1k1,1@m1.cr
0@e4h1k1,1@e3.cr
0@e4h1k1,1@f1g1.cr
0@e4h1k1,1@e1h1.cr
0@e4h1k1,1@i1.cr
0@e4h1k1,1@j1.cr
0@e4h1k1,1@k1.cr
0@e4h1k1,1@l1.cr
0@e4h1k1,1@m1.cr
0@e1f1g1h1k1,1@e3.cr
0@e1f1g1h1k1,1@e1h1.cr
0@e1f1g1h1k1,1@i1.cr
0@e1f1g1h1k1,1@j1.cr
0@e1f1g1h1k1,1@k1.cr
0@e1f1g1h1k1,1@l1.cr
0@e1f1g1h1k1,1@m1.cr
0@e2h2k1,1@e3.cr
0@e2h2k1,1@f1g1.cr
0@e2h2k1,1@e1h1.cr
0@e2h2k1,1@i1.cr
0@e2h2k1,1@j1.cr
0@e2h2k1,1@k1.cr
0@e2h2k1,1@l1.cr
0@e2h2k1,1@m1.cr
0@h3k1,1@e3.cr
0@h3k1,1@f1g1.cr
0@h3k1,1@e1h1.cr
0@h3k1,1@i1.cr
0@h3k1,1@j1.cr
0@h3k1,1@k1.cr
0@h3k1,1@l1.cr
0@h3k1,1@m1.cr
0@e3i1k1,1@e3.cr
0@e3i1k1,1@f1g1.cr
0@e3i1k1,1@e1h1.cr
0@e3i1k1,1@i1.cr
0@e3i1k1,1@j1.cr
0@e3i1k1,1@k1.cr
0@e3i1k1,1@l1.cr
0@e3i1k1,1@m1.cr
0@f1g1i1k1,1@e3.cr
0@f1g1i1k1,1@e1h1.cr
0@f1g1i1k1,1@i1.cr
0@f1g1i1k1,1@j1.cr
0@f1g1i1k1,1@k1.cr
0@f1g1i1k1,1@l1.cr
0@f1g1i1k1,1@m1.cr
0@e1h1i1k1,1@e3.cr
0@e1h1i1k1,1@f1g1.cr
0@e1h1i1k1,1@e1h1.cr
0@e1h1i1k1,1@i1.cr
0@e1h1i1k1,1@j1.cr
0@e1h1i1k1,1@k1.cr
0@e1h1i1k1,1@l1.cr
0@e1h1i1k1,1@m1.cr
0@i2k1,1@e3.cr
0@i2k1,1@f1g1.cr
0@i2k1,1@e1h1.cr
0@i2k1,1@i1.cr
0@i2k1,1@j1.cr
0@i2k1,1@k1.cr
0@i2k1,1@l1.cr
0@i2k1,1@m1.cr
0@e3j1k1,1@e3.cr
0@e3j1k1,1@f1g1.cr
0@e3j1k1,1@e1h1.cr
0@e3j1k1,1@i1.cr
0@e3j1k1,1@j1.cr
0@e3j1k1,1@k1.cr
0@e3j1k1,1@l1.cr
0@e3j1k1,1@m1.cr
0@f1g1j1k1,1@e3.cr
0@f1g1j1k1,1@e1h1.cr
0@f1g1j1k1,1@i1.cr
0@f1g1j1k1,1@j1.cr
0@f1g1j1k1,1@k1.cr
0@f1g1j1k1,1@l1.cr
0@f1g1j1k1,1@m1.cr
0@e1h1j1k1,1@e3.cr
0@e1h1j1k1,1@f1g1.cr
0@e1h1j1k1,1@e1h1.cr
0@e1h1j1k1,1@i1.cr
0@e1h1j1k1,1@j1.cr
0@e1h1j1k1,1@k1.cr
0@e1h1j1k1,1@l1.cr
0@e1h1j1k1,1@m1.cr
0@i1j1k1,1@e3.cr
0@i1j1k1,1@f1g1.cr
0@i1j1k1,1@e1h1.cr
0@i1j1k1,1@i1.cr
0@i1j1k1,1@j1.cr
0@i1j1k1,1@k1.cr
0@i1j1k1,1@l1.cr
0@i1j1k1,1@m1.cr
0@j2k1,1@e3.cr
0@j2k1,1@f1g1.cr
0@j2k1,1@e1h1.cr
0@j2k1,1@i1.cr
0@j2k1,1@j1.cr
0@j2k1,1@k1.cr
0@j2k1,1@l1.cr
0@j2k1,1@m1.cr
0@e3k2,1@e3.cr
0@e3k2,1@f1g1.cr
0@e3k2,1@e1h1.cr
0@e3k2,1@i1.cr
0@e3k2,1@j1.cr
0@e3k2,1@k1.cr
0@e3k2,1@l1.cr
0@e3k2,1@m1.cr
0@f1g1k2,1@e3.cr
0@f1g1k2,1@e1h1.cr
0@f1g1k2,1@i1.cr
0@f1g1k2,1@j1.cr
0@f1g1k2,1@k1.cr
0@f1g1k2,1@l1.cr
0@f1g1k2,1@m1.cr
0@e1h1k2,1@e3.cr
0@e1h1k2,1@f1g1.cr
0@e1h1k2,1@e1h1.cr
0@e1h1k2,1@i1.cr
0@e1h1k2,1@j1.cr
0@e1h1k2,1@k1.cr
0@e1h1k2,1@l1.cr
0@e1h1k2,1@m1.cr
0@i1k2,1@e3.cr
0@i1k2,1@f1g1.cr
0@i1k2,1@e1h1.cr
0@i1k2,1@i1.cr
0@i1k2,1@j1.cr
0@i1k2,1@k1.cr
0@i1k2,1@l1.cr
0@i1k2,1@m1.cr
0@j1k2,1@e3.cr
0@j1k2,1@f1g1.cr
0@j1k2,1@e1h1.cr
0@j1k2,1@i1.cr
0@j1k2,1@j1.cr
0@j1k2,1@k1.cr
0@j1k2,1@l1.cr
0@j1k2,1@m1.cr
0@k3,1@e3.cr
0@k3,1@f1g1.cr
0@k3,1@e1h1.cr
0@k3,1@i1.cr
0@k3,1@j1.cr
0@k3,1@k1.cr
0@k3,1@l1.cr
0@k3,1@m1.cr
0@e6l1,1@e3.cr
0@e6l1,1@f1g1.cr
0@e6l1,1@e1h1.cr
0@e6l1,1@i1.cr
0@e6l1,1@j1.cr
0@e6l1,1@k1.cr
0@e6l1,1@l1.cr
0@e6l1,1@m1.cr
0@e3f1g1l1,1@e3.cr
0@e3f1g1l1,1@e1h1.cr
0@e3f1g1l1,1@i1.cr
0@e3f1g1l1,1@j1.cr
0@e3f1g1l1,1@k1.cr
0@e3f1g1l1,1@l1.cr
0@e3f1g1l1,1@m1.cr
0@e4h1l1,1@e3.cr
0@e4h1l1,1@f1g1.cr
0@e4h1l1,1@e1h1.cr
0@e4h1l1,1@i1.cr
0@e4h1l1,1@j1.cr
0@e4h1l1,1@k1.cr
0@e4h1l1,1@l1.cr
0@e4h1l1,1@m1.cr
0@e1f1g1h1l1,1@e3.cr
0@e1f1g1h1l1,1@e1h1.cr
0@e1f1g1h1l1,1@i1.cr
0@e1f1g1h1l1,1@j1.cr
0@e1f1g1h1l1,1@k1.cr
0@e1f1g1h1l1,1@l1.cr
0@e1f1g1h1l1,1@m1.cr
0@e2h2l1,1@e3.cr
0@e2h2l1,1@f1g1.cr
0@e2h2l1,1@e1h1.cr
0@e2h2l1,1@i1.cr
0@e2h2l1,1@j1.cr
0@e2h2l1,1@k1.cr
0@e2h2l1,1@l1.cr
0@e2h2l1,1@m1.cr
0@h3l1,1@e3.cr
0@h3l1,1@f1g1.cr
0@h3l1,1@e1h1.cr
0@h3l1,1@i1.cr
0@h3l1,1@j1.cr
0@h3l1,1@k1.cr
0@h3l1,1@l1.cr
0@h3l1,1@m1.cr
0@e3i1l1,1@e3.cr
0@e3i1l1,1@f1g1.cr
0@e3i1l1,1@e1h1.cr
0@e3i1l1,1@i1.cr
0@e3i1l1,1@j1.cr
0@e3i1l1,1@k1.cr
0@e3i1l1,1@l1.cr
0@e3i1l1,1@m1.cr
0@f1g1i1l1,1@e3.cr
0@f1g1i1l1,1@e1h1.cr
0@f1g1i1l1,1@i1.cr
0@f1g1i1l1,1@j1.cr
0@f1g1i1l1,1@k1.cr
0@f1g1i1l1,1@l1.cr
0@f1g1i1l1,1@m1.cr
0@e1h1i1l1,1@e3.cr
0@e1h1i1l1,1@f1g1.cr
0@e1h1i1l1,1@e1h1.cr
0@e1h1i1l1,1@i1.cr
0@e1h1i1l1,1@j1.cr
0@e1h1i1l1,1@k1.cr
0@e1h1i1l1,1@l1.cr
0@e1h1i1l1,1@m1.cr
0@i2l1,1@e3.cr
0@i2l1,1@f1g1.cr
0@i2l1,1@e1h1.cr
0@i2l1,1@i1.cr
0@i2l1,1@j1.cr
0@i2l1,1@k1.cr
0@i2l1,1@l1.cr
0@i2l1,1@m1.cr
0@e3j1l1,1@e3.cr
0@e3j1l1,1@f1g1.cr
0@e3j1l1,1@e1h1.cr
0@e3j1l1,1@i1.cr
0@e3j1l1,1@j1.cr
0@e3j1l1,1@k1.cr
0@e3j1l1,1@l1.cr
0@e3j1l1,1@m1.cr
0@f1g1j1l1,1@e3.cr
0@f1g1j1l1,1@e1h1.cr
0@f1g1j1l1,1@i1.cr
0@f1g1j1l1,1@j1.cr
0@f1g1j1l1,1@k1.cr
0@f1g1j1l1,1@l1.cr
0@f1g1j1l1,1@m1.cr
0@e1h1j1l1,1@e3.cr
0@e1h1j1l1,1@f1g1.cr
0@e1h1j1l1,1@e1h1.cr
0@e1h1j1l1,1@i1.cr
0@e1h1j1l1,1@j1.cr
0@e1h1j1l1,1@k1.cr
0@e1h1j1l1,1@l1.cr
0@e1h1j1l1,1@m1.cr
0@i1j1l1,1@e3.cr
0@i1j1l1,1@f1g1.cr
0@i1j1l1,1@e1h1.cr
0@i1j1l1,1@i1.cr
0@i1j1l1,1@j1.cr
0@i1j1l1,1@k1.cr
0@i1j1l1,1@l1.cr
0@i1j1l1,1@m1.cr
0@j2l1,1@e3.cr
0@j2l1,1@f1g1.cr
0@j2l1,1@e1h1.cr
0@j2l1,1@i1.cr
0@j2l1,1@j1.cr
0@j2l1,1@k1.cr
0@j2l1,1@l1.cr
0@j2l1,1@m1.cr
0@e3k1l1,1@e3.cr
0@e3k1l1,1@f1g1.cr
0@e3k1l1,1@e1h1.cr
0@e3k1l1,1@i1.cr
0@e3k1l1,1@j1.cr
0@e3k1l1,1@k1.cr
0@e3k1l1,1@l1.cr
0@e3k1l1,1@m1.cr
0@f1g1k1l1,1@e3.cr
0@f1g1k1l1,1@e1h1.cr
0@f1g1k1l1,1@i1.cr
0@f1g1k1l1,1@j1.cr
0@f1g1k1l1,1@k1.cr
0@f1g1k1l1,1@l1.cr
0@f1g1k1l1,1@m1.cr
0@e1h1k1l1,1@e3.cr
0@e1h1k1l1,1@f1g1.cr
0@e1h1k1l1,1@e1h1.cr
0@e1h1k1l1,1@i1.cr
0@e1h1k1l1,1@j1.cr
0@e1h1k1l1,1@k1.cr
0@e1h1k1l1,1@l1.cr
0@e1h1k1l1,1@m1.cr
0@i1k1l1,1@e3.cr
0@i1k1l1,1@f1g1.cr
0@i1k1l1,1@e1h1.cr
0@i1k1l1,1@i1.cr
0@i1k1l1,1@j1.cr
0@i1k1l1,1@k1.cr
0@i1k1l1,1@l1.cr
0@i1k1l1,1@m1.cr
0@j1k1l1,1@e3.cr
0@j1k1l1,1@f1g1.cr
0@j1k1l1,1@e1h1.cr
0@j1k1l1,1@i1.cr
0@j1k1l1,1@j1.cr
0@j1k1l1,1@k1.cr
0@j1k1l1,1@l1.cr
0@j1k1l1,1@m1.cr
0@k2l1,1@e3.cr
0@k2l1,1@f1g1.cr
0@k2l1,1@e1h1.cr
0@k2l1,1@i1.cr
0@k2l1,1@j1.cr
0@k2l1,1@k1.cr
0@k2l1,1@l1.cr
0@k2l1,1@m1.cr
0@e3l2,1@e3.cr
0@e3l2,1@f1g1.cr
0@e3l2,1@e1h1.cr
0@e3l2,1@i1.cr
0@e3l2,1@j1.cr
0@e3l2,1@k1.cr
0@e3l2,1@l1.cr
0@e3l2,1@m1.cr
0@f1g1l2,1@e3.cr
0@f1g1l2,1@e1h1.cr
0@f1g1l2,1@i1.cr
0@f1g1l2,1@j1.cr
0@f1g1l2,1@k1.cr
0@f1g1l2,1@l1.cr
0@f1g1l2,1@m1.cr
0@e1h1l2,1@e3.cr
0@e1h1l2,1@f1g1.cr
0@e1h1l2,1@e1h1.cr
0@e1h1l2,1@i1.cr
0@e1h1l2,1@j1.cr
0@e1h1l2,1@k1.cr
0@e1h1l2,1@l1.cr
0@e1h1l2,1@m1.cr
0@i1l2,1@e3.cr
0@i1l2,1@f1g1.cr
0@i1l2,1@e1h1.cr
0@i1l2,1@i1.cr
0@i1l2,1@j1.cr
0@i1l2,1@k1.cr
0@i1l2,1@l1.cr
0@i1l2,1@m1.cr
0@j1l2,1@e3.cr
0@j1l2,1@f1g1.cr
0@j1l2,1@e1h1.cr
0@j1l2,1@i1.cr
0@j1l2,1@j1.cr
0@j1l2,1@k1.cr
0@j1l2,1@l1.cr
0@j1l2,1@m1.cr
0@k1l2,1@e3.cr
0@k1l2,1@f1g1.cr
0@k1l2,1@e1h1.cr
0@k1l2,1@i1.cr
0@k1l2,1@j1.cr
0@k1l2,1@k1.cr
0@k1l2,1@l1.cr
0@k1l2,1@m1.cr
0@l3,1@e3.cr
0@l3,1@f1g1.cr
0@l3,1@e1h1.cr
0@l3,1@i1.cr
0@l3,1@j1.cr
0@l3,1@k1.cr
0@l3,1@l1.cr
0@l3,1@m1.cr
0@e6m1,1@e3.cr
0@e6m1,1@f1g1.cr
0@e6m1,1@e1h1.cr
0@e6m1,1@i1.cr
0@e6m1,1@j1.cr
0@e6m1,1@k1.cr
0@e6m1,1@l1.cr
0@e6m1,1@m1.cr
0@e3f1g1m1,1@e3.cr
0@e3f1g1m1,1@e1h1.cr
0@e3f1g1m1,1@i1.cr
0@e3f1g1m1,1@j1.cr
0@e3f1g1m1,1@k1.cr
0@e3f1g1m1,1@l1.cr
0@e3f1g1m1,1@m1.cr
0@e4h1m1,1@e3.cr
0@e4h1m1,1@f1g1.cr
0@e4h1m1,1@e1h1.cr
0@e4h1m1,1@i1.cr
0@e4h1m1,1@j1.cr
0@e4h1m1,1@k1.cr
0@e4h1m1,1@l1.cr
0@e4h1m1,1@m1.cr
0@e1f1g1h1m1,1@e3.cr
0@e1f1g1h1m1,1@e1h1.cr
0@e1f1g1h1m1,1@i1.cr
0@e1f1g1h1m1,1@j1.cr
0@e1f1g1h1m1,1@k1.cr
0@e1f1g1h1m1,1@l1.cr
0@e1f1g1h1m1,1@m1.cr
0@e2h2m1,1@e3.cr
0@e2h2m1,1@f1g1.cr
0@e2h2m1,1@e1h1.cr
0@e2h2m1,1@i1.cr
0@e2h2m1,1@j1.cr
0@e2h2m1,1@k1.cr
0@e2h2m1,1@l1.cr
0@e2h2m1,1@m1.cr
0@h3m1,1@e3.cr
0@h3m1,1@f1g1.cr
0@h3m1,1@e1h1.cr
0@h3m1,1@i1.cr
0@h3m1,1@j1.cr
0@h3m1,1@k1.cr
0@h3m1,1@l1.cr
0@h3m1,1@m1.cr
0@e3i1m1,1@e3.cr
0@e3i1m1,1@f1g1.cr
0@e3i1m1,1@e1h1.cr
0@e3i1m1,1@i1.cr
0@e3i1m1,1@j1.cr
0@e3i1m1,1@k1.cr
0@e3i1m1,1@l1.cr
0@e3i1m1,1@m1.cr
0@f1g1i1m1,1@e3.cr
0@f1g1i1m1,1@e1h1.cr
0@f1g1i1m1,1@i1.cr
0@f1g1i1m1,1@j1.cr
0@f1g1i1m1,1@k1.cr
0@f1g1i1m1,1@l1.cr
0@f1g1i1m1,1@m1.cr
0@e1h1i1m1,1@e3.cr
0@e1h1i1m1,1@f1g1.cr
0@e1h1i1m1,1@e1h1.cr
0@e1h1i1m1,1@i1.cr
0@e1h1i1m1,1@j1.cr
0@e1h1i1m1,1@k1.cr
0@e1h1i1m1,1@l1.cr
0@e1h1i1m1,1@m1.cr
0@i2m1,1@e3.cr
0@i2m1,1@f1g1.cr
0@i2m1,1@e1h1.cr
0@i2m1,1@i1.cr
0@i2m1,1@j1.cr
0@i2m1,1@k1.cr
0@i2m1,1@l1.cr
0@i2m1,1@m1.cr
0@e3j1m1,1@e3.cr
0@e3j1m1,1@f1g1.cr
0@e3j1m1,1@e1h1.cr
0@e3j1m1,1@i1.cr
0@e3j1m1,1@j1.cr
0@e3j1m1,1@k1.cr
0@e3j1m1,1@l1.cr
0@e3j1m1,1@m1.cr
0@f1g1j1m1,1@e3.cr
0@f1g1j1m1,1@e1h1.cr
0@f1g1j1m1,1@i1.cr
0@f1g1j1m1,1@j1.cr
0@f1g1j1m1,1@k1.cr
0@f1g1j1m1,1@l1.cr
0@f1g1j1m1,1@m1.cr
0@e1h1j1m1,1@e3.cr
0@e1h1j1m1,1@f1g1.cr
0@e1h1j1m1,1@e1h1.cr
0@e1h1j1m1,1@i1.cr
0@e1h1j1m1,1@j1.cr
0@e1h1j1m1,1@k1.cr
0@e1h1j1m1,1@l1.cr
0@e1h1j1m1,1@m1.cr
0@i1j1m1,1@e3.cr
0@i1j1m1,1@f1g1.cr
0@i1j1m1,1@e1h1.cr
0@i1j1m1,1@i1.cr
0@i1j1m1,1@j1.cr
0@i1j1m1,1@k1.cr
0@i1j1m1,1@l1.cr
0@i1j1m1,1@m1.cr
0@j2m1,1@e3.cr
0@j2m1,1@f1g1.cr
0@j2m1,1@e1h1.cr
0@j2m1,1@i1.cr
0@j2m1,1@j1.cr
0@j2m1,1@k1.cr
0@j2m1,1@l1.cr
0@j2m1,1@m1.cr
0@e3k1m1,1@e3.cr
0@e3k1m1,1@f1g1.cr
0@e3k1m1,1@e1h1.cr
0@e3k1m1,1@i1.cr
0@e3k1m1,1@j1.cr
0@e3k1m1,1@k1.cr
0@e3k1m1,1@l1.cr
0@e3k1m1,1@m1.cr
0@f1g1k1m1,1@e3.cr
0@f1g1k1m1,1@e1h1.cr
0@f1g1k1m1,1@i1.cr
0@f1g1k1m1,1@j1.cr
0@f1g1k1m1,1@k1.cr
0@f1g1k1m1,1@l1.cr
0@f1g1k1m1,1@m1.cr
0@e1h1k1m1,1@e3.cr
0@e1h1k1m1,1@f1g1.cr
0@e1h1k1m1,1@e1h1.cr
0@e1h1k1m1,1@i1.cr
0@e1h1k1m1,1@j1.cr
0@e1h1k1m1,1@k1.cr
0@e1h1k1m1,1@l1.cr
0@e1h1k1m1,1@m1.cr
0@i1k1m1,1@e3.cr
0@i1k1m1,1@f1g1.cr
0@i1k1m1,1@e1h1.cr
0@i1k1m1,1@i1.cr
0@i1k1m1,1@j1.cr
0@i1k1m1,1@k1.cr
0@i1k1m1,1@l1.cr
0@i1k1m1,1@m1.cr
0@j1k1m1,1@e3.cr
0@j1k1m1,1@f1g1.cr
0@j1k1m1,1@e1h1.cr
0@j1k1m1,1@i1.cr
0@j1k1m1,1@j1.cr
0@j1k1m1,1@k1.cr
0@j1k1m1,1@l1.cr
0@j1k1m1,1@m1.cr
0@k2m1,1@e3.cr
0@k2m1,1@f1g1.cr
0@k2m1,1@e1h1.cr
0@k2m1,1@i1.cr
0@k2m1,1@j1.cr
0@k2m1,1@k1.cr
0@k2m1,1@l1.cr
0@k2m1,1@m1.cr
0@e3l1m1,1@e3.cr
0@e3l1m1,1@f1g1.cr
0@e3l1m1,1@e1h1.cr
0@e3l1m1,1@i1.cr
0@e3l1m1,1@j1.cr
0@e3l1m1,1@k1.cr
0@e3l1m1,1@l1.cr
0@e3l1m1,1@m1.cr
0@f1g1l1m1,1@e3.cr
0@f1g1l1m1,1@e1h1.cr
0@f1g1l1m1,1@i1.cr
0@f1g1l1m1,1@j1.cr
0@f1g1l1m1,1@k1.cr
0@f1g1l1m1,1@l1.cr
0@f1g1l1m1,1@m1.cr
0@e1h1l1m1,1@e3.cr
0@e1h1l1m1,1@f1g1.cr
0@e1h1l1m1,1@e1h1.cr
0@e1h1l1m1,1@i1.cr
0@e1h1l1m1,1@j1.cr
0@e1h1l1m1,1@k1.cr
0@e1h1l1m1,1@l1.cr
0@e1h1l1m1,1@m1.cr
0@i1l1m1,1@e3.cr
0@i1l1m1,1@f1g1.cr
0@i1l1m1,1@e1h1.cr
0@i1l1m1,1@i1.cr
0@i1l1m1,1@j1.cr
0@i1l1m1,1@k1.cr
0@i1l1m1,1@l1.cr
0@i1l1m1,1@m1.cr
0@j1l1m1,1@e3.cr
0@j1l1m1,1@f1g1.cr
0@j1l1m1,1@e1h1.cr
0@j1l1m1,1@i1.cr
0@j1l1m1,1@j1.cr
0@j1l1m1,1@k1.cr
0@j1l1m1,1@l1.cr
0@j1l1m1,1@m1.cr
0@k1l1m1,1@e3.cr
0@k1l1m1,1@f1g1.cr
0@k1l1m1,1@e1h1.cr
0@k1l1m1,1@i1.cr
0@k1l1m1,1@j1.cr
0@k1l1m1,1@k1.cr
0@k1l1m1,1@l1.cr
0@k1l1m1,1@m1.cr
0@l2m1,1@e3.cr
0@l2m1,1@f1g1.cr
0@l2m1,1@e1h1.cr
0@l2m1,1@i1.cr
0@l2m1,1@j1.cr
0@l2m1,1@k1.cr
0@l2m1,1@l1.cr
0@l2m1,1@m1.cr
0@e3m2,1@e3.cr
0@e3m2,1@f1g1.cr
0@e3m2,1@e1h1.cr
0@e3m2,1@i1.cr
0@e3m2,1@j1.cr
0@e3m2,1@k1.cr
0@e3m2,1@l1.cr
0@e3m2,1@m1.cr
0@f1g1m2,1@e3.cr
0@f1g1m2,1@e1h1.cr
0@f1g1m2,1@i1.cr
0@f1g1m2,1@j1.cr
0@f1g1m2,1@k1.cr
0@f1g1m2,1@l1.cr
0@f1g1m2,1@m1.cr
0@e1h1m2,1@e3.cr
0@e1h1m2,1@f1g1.cr
0@e1h1m2,1@e1h1.cr
0@e1h1m2,1@i1.cr
0@e1h1m2,1@j1.cr
0@e1h1m2,1@k1.cr
0@e1h1m2,1@l1.cr
0@e1h1m2,1@m1.cr
0@i1m2,1@e3.cr
0@i1m2,1@f1g1.cr
0@i1m2,1@e1h1.cr
0@i1m2,1@i1.cr
0@i1m2,1@j1.cr
0@i1m2,1@k1.cr
0@i1m2,1@l1.cr
0@i1m2,1@m1.cr
0@j1m2,1@e3.cr
0@j1m2,1@f1g1.cr
0@j1m2,1@e1h1.cr
0@j1m2,1@i1.cr
0@j1m2,1@j1.cr
0@j1m2,1@k1.cr
0@j1m2,1@l1.cr
0@j1m2,1@m1.cr
0@k1m2,1@e3.cr
0@k1m2,1@f1g1.cr
0@k1m2,1@e1h1.cr
0@k1m2,1@i1.cr
0@k1m2,1@j1.cr
0@k1m2,1@k1.cr
0@k1m2,1@l1.cr
0@k1m2,1@m1.cr
0@l1m2,1@e3.cr
0@l1m2,1@f1g1.cr
0@l1m2,1@e1h1.cr
0@l1m2,1@i1.cr
0@l1m2,1@j1.cr
0@l1m2,1@k1.cr
0@l1m2,1@l1.cr
0@l1m2,1@m1.cr
0@m3,1@e3.cr
0@m3,1@f1g1.cr
0@m3,1@e1h1.cr
0@m3,1@i1.cr
0@m3,1@j1.cr
0@m3,1@k1.cr
0@m3,1@l1.cr
0@m3,1@m1.cr
0@e3n1,1@e3.cr
0@e3n1,1@f1g1.cr
0@e3n1,1@e1h1.cr
0@e3n1,1@i1.cr
0@e3n1,1@j1.cr
0@e3n1,1@k1.cr
0@e3n1,1@l1.cr
0@e3n1,1@m1.cr
0@f1g1n1,1@e3.cr
0@f1g1n1,1@e1h1.cr
0@f1g1n1,1@i1.cr
0@f1g1n1,1@j1.cr
0@f1g1n1,1@k1.cr
0@f1g1n1,1@l1.cr
0@f1g1n1,1@m1.cr
0@e1h1n1,1@e3.cr
0@e1h1n1,1@f1g1.cr
0@e1h1n1,1@e1h1.cr
0@e1h1n1,1@i1.cr
0@e1h1n1,1@j1.cr
0@e1h1n1,1@k1.cr
0@e1h1n1,1@l1.cr
0@e1h1n1,1@m1.cr
0@i1n1,1@e3.cr
0@i1n1,1@f1g1.cr
0@i1n1,1@e1h1.cr
0@i1n1,1@i1.cr
0@i1n1,1@j1.cr
0@i1n1,1@k1.cr
0@i1n1,1@l1.cr
0@i1n1,1@m1.cr
0@j1n1,1@e3.cr
0@j1n1,1@f1g1.cr
0@j1n1,1@e1h1.cr
0@j1n1,1@i1.cr
0@j1n1,1@j1.cr
0@j1n1,1@k1.cr
0@j1n1,1@l1.cr
0@j1n1,1@m1.cr
0@k1n1,1@e3.cr
0@k1n1,1@f1g1.cr
0@k1n1,1@e1h1.cr
0@k1n1,1@i1.cr
0@k1n1,1@j1.cr
0@k1n1,1@k1.cr
0@k1n1,1@l1.cr
0@k1n1,1@m1.cr
0@l1n1,1@e3.cr
0@l1n1,1@f1g1.cr
0@l1n1,1@e1h1.cr
0@l1n1,1@i1.cr
0@l1n1,1@j1.cr
0@l1n1,1@k1.cr
0@l1n1,1@l1.cr
0@l1n1,1@m1.cr
0@m1n1,1@e3.cr
0@m1n1,1@f1g1.cr
0@m1n1,1@e1h1.cr
0@m1n1,1@i1.cr
0@m1n1,1@j1.cr
0@m1n1,1@k1.cr
0@m1n1,1@l1.cr
0@m1n1,1@m1.cr
0@e3o1,1@e3.cr
0@e3o1,1@f1g1.cr
0@e3o1,1@e1h1.cr
0@e3o1,1@i1.cr
0@e3o1,1@j1.cr
0@e3o1,1@k1.cr
0@e3o1,1@l1.cr
0@e3o1,1@m1.cr
0@f1g1o1,1@e3.cr
0@f1g1o1,1@e1h1.cr
0@f1g1o1,1@i1.cr
0@f1g1o1,1@j1.cr
0@f1g1o1,1@k1.cr
0@f1g1o1,1@l1.cr
0@f1g1o1,1@m1.cr
0@e1h1o1,1@e3.cr
0@e1h1o1,1@f1g1.cr
0@e1h1o1,1@e1h1.cr
0@e1h1o1,1@i1.cr
0@e1h1o1,1@j1.cr
0@e1h1o1,1@k1.cr
0@e1h1o1,1@l1.cr
0@e1h1o1,1@m1.cr
0@i1o1,1@e3.cr
0@i1o1,1@f1g1.cr
0@i1o1,1@e1h1.cr
0@i1o1,1@i1.cr
0@i1o1,1@j1.cr
0@i1o1,1@k1.cr
0@i1o1,1@l1.cr
0@i1o1,1@m1.cr
0@j1o1,1@e3.cr
0@j1o1,1@f1g1.cr
0@j1o1,1@e1h1.cr
0@j1o1,1@i1.cr
0@j1o1,1@j1.cr
0@j1o1,1@k1.cr
0@j1o1,1@l1.cr
0@j1o1,1@m1.cr
0@k1o1,1@e3.cr
0@k1o1,1@f1g1.cr
0@k1o1,1@e1h1.cr
0@k1o1,1@i1.cr
0@k1o1,1@j1.cr
0@k1o1,1@k1.cr
0@k1o1,1@l1.cr
0@k1o1,1@m1.cr
0@l1o1,1@e3.cr
0@l1o1,1@f1g1.cr
0@l1o1,1@e1h1.cr
0@l1o1,1@i1.cr
0@l1o1,1@j1.cr
0@l1o1,1@k1.cr
0@l1o1,1@l1.cr
0@l1o1,1@m1.cr
0@m1o1,1@e3.cr
0@m1o1,1@f1g1.cr
0@m1o1,1@e1h1.cr
0@m1o1,1@i1.cr
0@m1o1,1@j1.cr
0@m1o1,1@k1.cr
0@m1o1,1@l1.cr
0@m1o1,1@m1.cr
0@e3p1,1@e3.cr
0@e3p1,1@f1g1.cr
0@e3p1,1@e1h1.cr
0@e3p1,1@i1.cr
0@e3p1,1@j1.cr
0@e3p1,1@k1.cr
0@e3p1,1@l1.cr
0@e3p1,1@m1.cr
0@f1g1p1,1@e3.cr
0@f1g1p1,1@e1h1.cr
0@f1g1p1,1@i1.cr
0@f1g1p1,1@j1.cr
0@f1g1p1,1@k1.cr
0@f1g1p1,1@l1.cr
0@f1g1p1,1@m1.cr
0@e1h1p1,1@e3.cr
0@e1h1p1,1@f1g1.cr
0@e1h1p1,1@e1h1.cr
0@e1h1p1,1@i1.cr
0@e1h1p1,1@j1.cr
0@e1h1p1,1@k1.cr
0@e1h1p1,1@l1.cr
0@e1h1p1,1@m1.cr
0@i1p1,1@e3.cr
0@i1p1,1@f1g1.cr
0@i1p1,1@e1h1.cr
0@i1p1,1@i1.cr
0@i1p1,1@j1.cr
0@i1p1,1@k1.cr
0@i1p1,1@l1.cr
0@i1p1,1@m1.cr
0@j1p1,1@e3.cr
0@j1p1,1@f1g1.cr
0@j1p1,1@e1h1.cr
0@j1p1,1@i1.cr
0@j1p1,1@j1.cr
0@j1p1,1@k1.cr
0@j1p1,1@l1.cr
0@j1p1,1@m1.cr
0@k1p1,1@e3.cr
0@k1p1,1@f1g1.cr
0@k1p1,1@e1h1.cr
0@k1p1,1@i1.cr
0@k1p1,1@j1.cr
0@k1p1,1@k1.cr
0@k1p1,1@l1.cr
0@k1p1,1@m1.cr
0@l1p1,1@e3.cr
0@l1p1,1@f1g1.cr
0@l1p1,1@e1h1.cr
0@l1p1,1@i1.cr
0@l1p1,1@j1.cr
0@l1p1,1@k1.cr
0@l1p1,1@l1.cr
0@l1p1,1@m1.cr
0@m1p1,1@e3.cr
0@m1p1,1@f1g1.cr
0@m1p1,1@e1h1.cr
0@m1p1,1@i1.cr
0@m1p1,1@j1.cr
0@m1p1,1@k1.cr
0@m1p1,1@l1.cr
0@m1p1,1@m1.cr
0@e3q1,1@e3.cr
0@e3q1,1@f1g1.cr
0@e3q1,1@e1h1.cr
0@e3q1,1@i1.cr
0@e3q1,1@j1.cr
0@e3q1,1@k1.cr
0@e3q1,1@l1.cr
0@e3q1,1@m1.cr
0@f1g1q1,1@e3.cr
0@f1g1q1,1@e1h1.cr
0@f1g1q1,1@i1.cr
0@f1g1q1,1@j1.cr
0@f1g1q1,1@k1.cr
0@f1g1q1,1@l1.cr
0@f1g1q1,1@m1.cr
0@e1h1q1,1@e3.cr
0@e1h1q1,1@f1g1.cr
0@e1h1q1,1@e1h1.cr
0@e1h1q1,1@i1.cr
0@e1h1q1,1@j1.cr
0@e1h1q1,1@k1.cr
0@e1h1q1,1@l1.cr
0@e1h1q1,1@m1.cr
0@i1q1,1@e3.cr
0@i1q1,1@f1g1.cr
0@i1q1,1@e1h1.cr
0@i1q1,1@i1.cr
0@i1q1,1@j1.cr
0@i1q1,1@k1.cr
0@i1q1,1@l1.cr
0@i1q1,1@m1.cr
0@j1q1,1@e3.cr
0@j1q1,1@f1g1.cr
0@j1q1,1@e1h1.cr
0@j1q1,1@i1.cr
0@j1q1,1@j1.cr
0@j1q1,1@k1.cr
0@j1q1,1@l1.cr
0@j1q1,1@m1.cr
0@k1q1,1@e3.cr
0@k1q1,1@f1g1.cr
0@k1q1,1@e1h1.cr
0@k1q1,1@i1.cr
0@k1q1,1@j1.cr
0@k1q1,1@k1.cr
0@k1q1,1@l1.cr
0@k1q1,1@m1.cr
0@l1q1,1@e3.cr
0@l1q1,1@f1g1.cr
0@l1q1,1@e1h1.cr
0@l1q1,1@i1.cr
0@l1q1,1@j1.cr
0@l1q1,1@k1.cr
0@l1q1,1@l1.cr
0@l1q1,1@m1.cr
0@m1q1,1@e3.cr
0@m1q1,1@f1g1.cr
0@m1q1,1@e1h1.cr
0@m1q1,1@i1.cr
0@m1q1,1@j1.cr
0@m1q1,1@k1.cr
0@m1q1,1@l1.cr
0@m1q1,1@m1.cr
0@e3,1@f1.cr
0@e3,1@g1.cr
0@e1h1,1@f1.cr
0@e1h1,1@g1.cr
0@i1,1@f1.cr
0@i1,1@g1.cr
0@j1,1@f1.cr
0@j1,1@g1.cr
0@k1,1@f1.cr
0@k1,1@g1.cr
0@e9,1@f1.cr
0@e9,1@g1.cr
0@e7h1,1@f1.cr
0@e7h1,1@g1.cr
0@e5h2,1@f1.cr
0@e5h2,1@g1.cr
0@e3h3,1@f1.cr
0@e3h3,1@g1.cr
0@e1h4,1@f1.cr
0@e1h4,1@g1.cr
0@e6i1,1@f1.cr
0@e6i1,1@g1.cr
0@e4h1i1,1@f1.cr
0@e4h1i1,1@g1.cr
0@e2h2i1,1@f1.cr
0@e2h2i1,1@g1.cr
0@h3i1,1@f1.cr
0@h3i1,1@g1.cr
0@e3i2,1@f1.cr
0@e3i2,1@g1.cr
0@e1h1i2,1@f1.cr
0@e1h1i2,1@g1.cr
0@i3,1@f1.cr
0@i3,1@g1.cr
0@e6j1,1@f1.cr
0@e6j1,1@g1.cr
0@e4h1j1,1@f1.cr
0@e4h1j1,1@g1.cr
0@e2h2j1,1@f1.cr
0@e2h2j1,1@g1.cr
0@h3j1,1@f1.cr
0@h3j1,1@g1.cr
0@e3i1j1,1@f1.cr
0@e3i1j1,1@g1.cr
0@e1h1i1j1,1@f1.cr
0@e1h1i1j1,1@g1.cr
0@i2j1,1@f1.cr
0@i2j1,1@g1.cr
0@e3j2,1@f1.cr
0@e3j2,1@g1.cr
0@e1h1j2,1@f1.cr
0@e1h1j2,1@g1.cr
0@i1j2,1@f1.cr
0@i1j2,1@g1.cr
0@j3,1@f1.cr
0@j3,1@g1.cr
0@e6k1,1@f1.cr
0@e6k1,1@g1.cr
0@e4h1k1,1@f1.cr
0@e4h1k1,1@g1.cr
0@e2h2k1,1@f1.cr
0@e2h2k1,1@g1.cr
0@h3k1,1@f1.cr
0@h3k1,1@g1.cr
0@e3i1k1,1@f1.cr
0@e3i1k1,1@g1.cr
0@e1h1i1k1,1@f1.cr
0@e1h1i1k1,1@g1.cr
0@i2k1,1@f1.cr
0@i2k1,1@g1.cr
0@e3j1k1,1@f1.cr
0@e3j1k1,1@g1.cr
0@e1h1j1k1,1@f1.cr
0@e1h1j1k1,1@g1.cr
0@i1j1k1,1@f1.cr
0@i1j1k1,1@g1.cr
0@j2k1,1@f1.cr
0@j2k1,1@g1.cr
0@e3k2,1@f1.cr
0@e3k2,1@g1.cr
0@e1h1k2,1@f1.cr
0@e1h1k2,1@g1.cr
0@i1k2,1@f1.cr
0@i1k2,1@g1.cr
0@j1k2,1@f1.cr
0@j1k2,1@g1.cr
0@k3,1@f1.cr
0@k3,1@g1.cr
0@e3l1,1@f1.cr
0@e3l1,1@g1.cr
0@e1h1l1,1@f1.cr
0@e1h1l1,1@g1.cr
0@i1l1,1@f1.cr
0@i1l1,1@g1.cr
0@j1l1,1@f1.cr
0@j1l1,1@g1.cr
0@k1l1,1@f1.cr
0@k1l1,1@g1.cr
0@e9,1@f1.cr
0@e9,1@g1.cr
0@e7h1,1@f1.cr
0@e7h1,1@g1.cr
0@e5h2,1@f1.cr
0@e5h2,1@g1.cr
0@e3h3,1@f1.cr
0@e3h3,1@g1.cr
0@e1h4,1@f1.cr
0@e1h4,1@g1.cr
0@e6i1,1@f1.cr
0@e6i1,1@g1.cr
0@e4h1i1,1@f1.cr
0@e4h1i1,1@g1.cr
0@e2h2i1,1@f1.cr
0@e2h2i1,1@g1.cr
0@h3i1,1@f1.cr
0@h3i1,1@g1.cr
0@e3i2,1@f1.cr
0@e3i2,1@g1.cr
0@e1h1i2,1@f1.cr
0@e1h1i2,1@g1.cr
0@i3,1@f1.cr
0@i3,1@g1.cr
0@e6j1,1@f1.cr
0@e6j1,1@g1.cr
0@e4h1j1,1@f1.cr
0@e4h1j1,1@g1.cr
0@e2h2j1,1@f1.cr
0@e2h2j1,1@g1.cr
0@h3j1,1@f1.cr
0@h3j1,1@g1.cr
0@e3i1j1,1@f1.cr
0@e3i1j1,1@g1.cr
0@e1h1i1j1,1@f1.cr
0@e1h1i1j1,1@g1.cr
0@i2j1,1@f1.cr
0@i2j1,1@g1.cr
0@e3j2,1@f1.cr
0@e3j2,1@g1.cr
0@e1h1j2,1@f1.cr
0@e1h1j2,1@g1.cr
0@i1j2,1@f1.cr
0@i1j2,1@g1.cr
0@j3,1@f1.cr
0@j3,1@g1.cr
0@e6k1,1@f1.cr
0@e6k1,1@g1.cr
0@e4h1k1,1@f1.cr
0@e4h1k1,1@g1.cr
0@e2h2k1,1@f1.cr
0@e2h2k1,1@g1.cr
0@h3k1,1@f1.cr
0@h3k1,1@g1.cr
0@e3i1k1,1@f1.cr
0@e3i1k1,1@g1.cr
0@e1h1i1k1,1@f1.cr
0@e1h1i1k1,1@g1.cr
0@i2k1,1@f1.cr
0@i2k1,1@g1.cr
0@e3j1k1,1@f1.cr
0@e3j1k1,1@g1.cr
0@e1h1j1k1,1@f1.cr
0@e1h1j1k1,1@g1.cr
0@i1j1k1,1@f1.cr
0@i1j1k1,1@g1.cr
0@j2k1,1@f1.cr
0@j2k1,1@g1.cr
0@e3k2,1@f1.cr
0@e3k2,1@g1.cr
0@e1h1k2,1@f1.cr
0@e1h1k2,1@g1.cr
0@i1k2,1@f1.cr
0@i1k2,1@g1.cr
0@j1k2,1@f1.cr
0@j1k2,1@g1.cr
0@k3,1@f1.cr
0@k3,1@g1.cr
0@e3l1,1@f1.cr
0@e3l1,1@g1.cr
0@e1h1l1,1@f1.cr
0@e1h1l1,1@g1.cr
0@i1l1,1@f1.cr
0@i1l1,1@g1.cr
0@j1l1,1@f1.cr
0@j1l1,1@g1.cr
0@k1l1,1@f1.cr
0@k1l1,1@g1.cr
0@a1b1e1,1@c1.cr
0@a1b1e1,1@d1.cr
0@a1b1f1,1@c1.cr
0@a1b1f1,1@d1.cr
0@g1,1@c1.cr
0@g1,1@d1.cr
0@d1e3,1@e1.cr
0@e4,1@d1.cr
0@e4,1@e1.cr
0@a1b1d1e1f1,1@e1.cr
0@c1d1e1f1,1@e1.cr
0@a1b1e2f1,1@d1.cr
0@a1b1e2f1,1@e1.cr
0@c1e2f1,1@d1.cr
0@c1e2f1,1@e1.cr
0@a1b1c1f2,1@d1.cr
0@a1b1c1f2,1@e1.cr
0@f3,1@d1.cr
0@f3,1@e1.cr
0@d1e1g1,1@e1.cr
0@e2g1,1@d1.cr
0@e2g1,1@e1.cr
0@a1b1f1g1,1@d1.cr
0@a1b1f1g1,1@e1.cr
0@c1f1g1,1@d1.cr
0@c1f1g1,1@e1.cr
0@g2,1@d1.cr
0@g2,1@e1.cr
0@d1e1h1,1@e1.cr
0@e2h1,1@d1.cr
0@e2h1,1@e1.cr
0@a1b1f1h1,1@d1.cr
0@a1b1f1h1,1@e1.cr
0@c1f1h1,1@d1.cr
0@c1f1h1,1@e1.cr
0@g1h1,1@d1.cr
0@g1h1,1@e1.cr
0@h2,1@d1.cr
0@h2,1@e1.cr
0@i1,1@d1.cr
0@i1,1@e1.cr
0@j1,1@d1.cr
0@j1,1@e1.cr
0@k1,1@d1.cr
0@k1,1@e1.cr
0@a1.cr
0@a1.cr
0@a6.cr
0@a6.cr
